mode: set
github.com/chiyutianyi/grpcfuse/example/client/client.go:36.13,42.21 6 0
github.com/chiyutianyi/grpcfuse/example/client/client.go:42.21,44.3 1 0
github.com/chiyutianyi/grpcfuse/example/client/client.go:46.2,52.16 6 0
github.com/chiyutianyi/grpcfuse/example/client/client.go:52.16,54.3 1 0
github.com/chiyutianyi/grpcfuse/example/client/client.go:55.2,71.30 16 0
github.com/chiyutianyi/grpcfuse/example/client/client.go:71.30,75.3 3 0
github.com/chiyutianyi/grpcfuse/example/client/client.go:76.2,76.9 1 0
github.com/chiyutianyi/grpcfuse/example/client/client.go:76.9,78.3 1 0
github.com/chiyutianyi/grpcfuse/example/client/client.go:80.2,81.16 2 0
github.com/chiyutianyi/grpcfuse/example/client/client.go:81.16,83.3 1 0
github.com/chiyutianyi/grpcfuse/example/client/client.go:85.2,90.18 5 0
github.com/chiyutianyi/grpcfuse/example/client/client.go:90.18,92.17 2 0
github.com/chiyutianyi/grpcfuse/example/client/client.go:92.17,94.4 1 0
github.com/chiyutianyi/grpcfuse/example/client/client.go:94.9,97.4 2 0
github.com/chiyutianyi/grpcfuse/example/loopback/server.go:42.13,50.21 7 0
github.com/chiyutianyi/grpcfuse/example/loopback/server.go:50.21,52.3 1 0
github.com/chiyutianyi/grpcfuse/example/loopback/server.go:54.2,58.16 4 0
github.com/chiyutianyi/grpcfuse/example/loopback/server.go:58.16,60.3 1 0
github.com/chiyutianyi/grpcfuse/example/loopback/server.go:62.2,80.16 6 0
github.com/chiyutianyi/grpcfuse/example/loopback/server.go:80.16,82.3 1 0
github.com/chiyutianyi/grpcfuse/example/loopback/server.go:84.2,93.21 5 0
github.com/chiyutianyi/grpcfuse/example/loopback/server.go:93.21,96.3 1 0
github.com/chiyutianyi/grpcfuse/example/loopback/server.go:97.2,97.9 1 0
github.com/chiyutianyi/grpcfuse/example/loopback/server.go:97.9,99.3 1 0
github.com/chiyutianyi/grpcfuse/example/loopback/server.go:101.2,107.13 4 0
github.com/chiyutianyi/grpcfuse/example/loopback/server.go:107.13,109.3 1 0
github.com/chiyutianyi/grpcfuse/example/loopback/server.go:111.2,123.18 9 0
github.com/chiyutianyi/grpcfuse/example/loopback/server.go:123.18,127.3 3 0
github.com/chiyutianyi/grpcfuse/mock/client_mock.go:30.83,34.2 3 0
github.com/chiyutianyi/grpcfuse/mock/client_mock.go:37.81,39.2 1 0
github.com/chiyutianyi/grpcfuse/mock/client_mock.go:42.138,45.25 3 0
github.com/chiyutianyi/grpcfuse/mock/client_mock.go:45.25,47.3 1 0
github.com/chiyutianyi/grpcfuse/mock/client_mock.go:48.2,51.19 4 0
github.com/chiyutianyi/grpcfuse/mock/client_mock.go:55.110,59.2 3 0
github.com/chiyutianyi/grpcfuse/mock/client_mock.go:62.159,65.25 3 0
github.com/chiyutianyi/grpcfuse/mock/client_mock.go:65.25,67.3 1 0
github.com/chiyutianyi/grpcfuse/mock/client_mock.go:68.2,71.19 4 0
github.com/chiyutianyi/grpcfuse/mock/client_mock.go:75.117,79.2 3 0
github.com/chiyutianyi/grpcfuse/mock/client_mock.go:82.138,85.25 3 0
github.com/chiyutianyi/grpcfuse/mock/client_mock.go:85.25,87.3 1 0
github.com/chiyutianyi/grpcfuse/mock/client_mock.go:88.2,91.19 4 0
github.com/chiyutianyi/grpcfuse/mock/client_mock.go:95.110,99.2 3 0
github.com/chiyutianyi/grpcfuse/mock/client_mock.go:102.147,105.25 3 0
github.com/chiyutianyi/grpcfuse/mock/client_mock.go:105.25,107.3 1 0
github.com/chiyutianyi/grpcfuse/mock/client_mock.go:108.2,111.19 4 0
github.com/chiyutianyi/grpcfuse/mock/client_mock.go:115.113,119.2 3 0
github.com/chiyutianyi/grpcfuse/mock/client_mock.go:122.135,125.25 3 0
github.com/chiyutianyi/grpcfuse/mock/client_mock.go:125.25,127.3 1 0
github.com/chiyutianyi/grpcfuse/mock/client_mock.go:128.2,131.19 4 0
github.com/chiyutianyi/grpcfuse/mock/client_mock.go:135.109,139.2 3 0
github.com/chiyutianyi/grpcfuse/mock/client_mock.go:142.134,145.25 3 0
github.com/chiyutianyi/grpcfuse/mock/client_mock.go:145.25,147.3 1 0
github.com/chiyutianyi/grpcfuse/mock/client_mock.go:148.2,151.19 4 0
github.com/chiyutianyi/grpcfuse/mock/client_mock.go:155.110,159.2 3 0
github.com/chiyutianyi/grpcfuse/mock/client_mock.go:162.135,165.25 3 0
github.com/chiyutianyi/grpcfuse/mock/client_mock.go:165.25,167.3 1 0
github.com/chiyutianyi/grpcfuse/mock/client_mock.go:168.2,171.19 4 0
github.com/chiyutianyi/grpcfuse/mock/client_mock.go:175.109,179.2 3 0
github.com/chiyutianyi/grpcfuse/mock/client_mock.go:182.138,185.25 3 0
github.com/chiyutianyi/grpcfuse/mock/client_mock.go:185.25,187.3 1 0
github.com/chiyutianyi/grpcfuse/mock/client_mock.go:188.2,191.19 4 0
github.com/chiyutianyi/grpcfuse/mock/client_mock.go:195.112,199.2 3 0
github.com/chiyutianyi/grpcfuse/mock/client_mock.go:202.141,205.25 3 0
github.com/chiyutianyi/grpcfuse/mock/client_mock.go:205.25,207.3 1 0
github.com/chiyutianyi/grpcfuse/mock/client_mock.go:208.2,211.19 4 0
github.com/chiyutianyi/grpcfuse/mock/client_mock.go:215.111,219.2 3 0
github.com/chiyutianyi/grpcfuse/mock/client_mock.go:222.132,225.25 3 0
github.com/chiyutianyi/grpcfuse/mock/client_mock.go:225.25,227.3 1 0
github.com/chiyutianyi/grpcfuse/mock/client_mock.go:228.2,231.19 4 0
github.com/chiyutianyi/grpcfuse/mock/client_mock.go:235.109,239.2 3 0
github.com/chiyutianyi/grpcfuse/mock/client_mock.go:242.144,245.25 3 0
github.com/chiyutianyi/grpcfuse/mock/client_mock.go:245.25,247.3 1 0
github.com/chiyutianyi/grpcfuse/mock/client_mock.go:248.2,251.19 4 0
github.com/chiyutianyi/grpcfuse/mock/client_mock.go:255.112,259.2 3 0
github.com/chiyutianyi/grpcfuse/mock/client_mock.go:262.132,265.25 3 0
github.com/chiyutianyi/grpcfuse/mock/client_mock.go:265.25,267.3 1 0
github.com/chiyutianyi/grpcfuse/mock/client_mock.go:268.2,271.19 4 0
github.com/chiyutianyi/grpcfuse/mock/client_mock.go:275.108,279.2 3 0
github.com/chiyutianyi/grpcfuse/mock/client_mock.go:282.147,285.25 3 0
github.com/chiyutianyi/grpcfuse/mock/client_mock.go:285.25,287.3 1 0
github.com/chiyutianyi/grpcfuse/mock/client_mock.go:288.2,291.19 4 0
github.com/chiyutianyi/grpcfuse/mock/client_mock.go:295.113,299.2 3 0
github.com/chiyutianyi/grpcfuse/mock/client_mock.go:302.138,305.25 3 0
github.com/chiyutianyi/grpcfuse/mock/client_mock.go:305.25,307.3 1 0
github.com/chiyutianyi/grpcfuse/mock/client_mock.go:308.2,311.19 4 0
github.com/chiyutianyi/grpcfuse/mock/client_mock.go:315.110,319.2 3 0
github.com/chiyutianyi/grpcfuse/mock/client_mock.go:322.135,325.25 3 0
github.com/chiyutianyi/grpcfuse/mock/client_mock.go:325.25,327.3 1 0
github.com/chiyutianyi/grpcfuse/mock/client_mock.go:328.2,331.19 4 0
github.com/chiyutianyi/grpcfuse/mock/client_mock.go:335.109,339.2 3 0
github.com/chiyutianyi/grpcfuse/mock/client_mock.go:342.135,345.25 3 0
github.com/chiyutianyi/grpcfuse/mock/client_mock.go:345.25,347.3 1 0
github.com/chiyutianyi/grpcfuse/mock/client_mock.go:348.2,351.19 4 0
github.com/chiyutianyi/grpcfuse/mock/client_mock.go:355.109,359.2 3 0
github.com/chiyutianyi/grpcfuse/mock/client_mock.go:362.135,365.25 3 0
github.com/chiyutianyi/grpcfuse/mock/client_mock.go:365.25,367.3 1 0
github.com/chiyutianyi/grpcfuse/mock/client_mock.go:368.2,371.19 4 0
github.com/chiyutianyi/grpcfuse/mock/client_mock.go:375.109,379.2 3 0
github.com/chiyutianyi/grpcfuse/mock/client_mock.go:382.132,385.25 3 0
github.com/chiyutianyi/grpcfuse/mock/client_mock.go:385.25,387.3 1 0
github.com/chiyutianyi/grpcfuse/mock/client_mock.go:388.2,391.19 4 0
github.com/chiyutianyi/grpcfuse/mock/client_mock.go:395.108,399.2 3 0
github.com/chiyutianyi/grpcfuse/mock/client_mock.go:402.141,405.25 3 0
github.com/chiyutianyi/grpcfuse/mock/client_mock.go:405.25,407.3 1 0
github.com/chiyutianyi/grpcfuse/mock/client_mock.go:408.2,411.19 4 0
github.com/chiyutianyi/grpcfuse/mock/client_mock.go:415.111,419.2 3 0
github.com/chiyutianyi/grpcfuse/mock/client_mock.go:422.143,425.25 3 0
github.com/chiyutianyi/grpcfuse/mock/client_mock.go:425.25,427.3 1 0
github.com/chiyutianyi/grpcfuse/mock/client_mock.go:428.2,431.19 4 0
github.com/chiyutianyi/grpcfuse/mock/client_mock.go:435.108,439.2 3 0
github.com/chiyutianyi/grpcfuse/mock/client_mock.go:442.152,445.25 3 0
github.com/chiyutianyi/grpcfuse/mock/client_mock.go:445.25,447.3 1 0
github.com/chiyutianyi/grpcfuse/mock/client_mock.go:448.2,451.19 4 0
github.com/chiyutianyi/grpcfuse/mock/client_mock.go:455.111,459.2 3 0
github.com/chiyutianyi/grpcfuse/mock/client_mock.go:462.160,465.25 3 0
github.com/chiyutianyi/grpcfuse/mock/client_mock.go:465.25,467.3 1 0
github.com/chiyutianyi/grpcfuse/mock/client_mock.go:468.2,471.19 4 0
github.com/chiyutianyi/grpcfuse/mock/client_mock.go:475.115,479.2 3 0
github.com/chiyutianyi/grpcfuse/mock/client_mock.go:482.144,485.25 3 0
github.com/chiyutianyi/grpcfuse/mock/client_mock.go:485.25,487.3 1 0
github.com/chiyutianyi/grpcfuse/mock/client_mock.go:488.2,491.19 4 0
github.com/chiyutianyi/grpcfuse/mock/client_mock.go:495.112,499.2 3 0
github.com/chiyutianyi/grpcfuse/mock/client_mock.go:502.136,505.25 3 0
github.com/chiyutianyi/grpcfuse/mock/client_mock.go:505.25,507.3 1 0
github.com/chiyutianyi/grpcfuse/mock/client_mock.go:508.2,511.19 4 0
github.com/chiyutianyi/grpcfuse/mock/client_mock.go:515.111,519.2 3 0
github.com/chiyutianyi/grpcfuse/mock/client_mock.go:522.139,525.25 3 0
github.com/chiyutianyi/grpcfuse/mock/client_mock.go:525.25,527.3 1 0
github.com/chiyutianyi/grpcfuse/mock/client_mock.go:528.2,531.19 4 0
github.com/chiyutianyi/grpcfuse/mock/client_mock.go:535.114,539.2 3 0
github.com/chiyutianyi/grpcfuse/mock/client_mock.go:542.153,545.25 3 0
github.com/chiyutianyi/grpcfuse/mock/client_mock.go:545.25,547.3 1 0
github.com/chiyutianyi/grpcfuse/mock/client_mock.go:548.2,551.19 4 0
github.com/chiyutianyi/grpcfuse/mock/client_mock.go:555.115,559.2 3 0
github.com/chiyutianyi/grpcfuse/mock/client_mock.go:562.138,565.25 3 0
github.com/chiyutianyi/grpcfuse/mock/client_mock.go:565.25,567.3 1 0
github.com/chiyutianyi/grpcfuse/mock/client_mock.go:568.2,571.19 4 0
github.com/chiyutianyi/grpcfuse/mock/client_mock.go:575.110,579.2 3 0
github.com/chiyutianyi/grpcfuse/mock/client_mock.go:582.135,585.25 3 0
github.com/chiyutianyi/grpcfuse/mock/client_mock.go:585.25,587.3 1 0
github.com/chiyutianyi/grpcfuse/mock/client_mock.go:588.2,591.19 4 0
github.com/chiyutianyi/grpcfuse/mock/client_mock.go:595.109,599.2 3 0
github.com/chiyutianyi/grpcfuse/mock/client_mock.go:602.141,605.25 3 0
github.com/chiyutianyi/grpcfuse/mock/client_mock.go:605.25,607.3 1 0
github.com/chiyutianyi/grpcfuse/mock/client_mock.go:608.2,611.19 4 0
github.com/chiyutianyi/grpcfuse/mock/client_mock.go:615.111,619.2 3 0
github.com/chiyutianyi/grpcfuse/mock/client_mock.go:622.132,625.25 3 0
github.com/chiyutianyi/grpcfuse/mock/client_mock.go:625.25,627.3 1 0
github.com/chiyutianyi/grpcfuse/mock/client_mock.go:628.2,631.19 4 0
github.com/chiyutianyi/grpcfuse/mock/client_mock.go:635.109,639.2 3 0
github.com/chiyutianyi/grpcfuse/mock/client_mock.go:642.133,645.25 3 0
github.com/chiyutianyi/grpcfuse/mock/client_mock.go:645.25,647.3 1 0
github.com/chiyutianyi/grpcfuse/mock/client_mock.go:648.2,651.19 4 0
github.com/chiyutianyi/grpcfuse/mock/client_mock.go:655.110,659.2 3 0
github.com/chiyutianyi/grpcfuse/mock/client_mock.go:662.144,665.25 3 0
github.com/chiyutianyi/grpcfuse/mock/client_mock.go:665.25,667.3 1 0
github.com/chiyutianyi/grpcfuse/mock/client_mock.go:668.2,671.19 4 0
github.com/chiyutianyi/grpcfuse/mock/client_mock.go:675.112,679.2 3 0
github.com/chiyutianyi/grpcfuse/mock/client_mock.go:682.138,685.25 3 0
github.com/chiyutianyi/grpcfuse/mock/client_mock.go:685.25,687.3 1 0
github.com/chiyutianyi/grpcfuse/mock/client_mock.go:688.2,691.19 4 0
github.com/chiyutianyi/grpcfuse/mock/client_mock.go:695.110,699.2 3 0
github.com/chiyutianyi/grpcfuse/mock/client_mock.go:702.138,705.25 3 0
github.com/chiyutianyi/grpcfuse/mock/client_mock.go:705.25,707.3 1 0
github.com/chiyutianyi/grpcfuse/mock/client_mock.go:708.2,711.19 4 0
github.com/chiyutianyi/grpcfuse/mock/client_mock.go:715.110,719.2 3 0
github.com/chiyutianyi/grpcfuse/mock/client_mock.go:722.141,725.25 3 0
github.com/chiyutianyi/grpcfuse/mock/client_mock.go:725.25,727.3 1 0
github.com/chiyutianyi/grpcfuse/mock/client_mock.go:728.2,731.19 4 0
github.com/chiyutianyi/grpcfuse/mock/client_mock.go:735.111,739.2 3 0
github.com/chiyutianyi/grpcfuse/mock/client_mock.go:742.138,745.25 3 0
github.com/chiyutianyi/grpcfuse/mock/client_mock.go:745.25,747.3 1 0
github.com/chiyutianyi/grpcfuse/mock/client_mock.go:748.2,751.19 4 0
github.com/chiyutianyi/grpcfuse/mock/client_mock.go:755.110,759.2 3 0
github.com/chiyutianyi/grpcfuse/mock/client_mock.go:762.135,765.25 3 0
github.com/chiyutianyi/grpcfuse/mock/client_mock.go:765.25,767.3 1 0
github.com/chiyutianyi/grpcfuse/mock/client_mock.go:768.2,771.19 4 0
github.com/chiyutianyi/grpcfuse/mock/client_mock.go:775.109,779.2 3 0
github.com/chiyutianyi/grpcfuse/mock/client_mock.go:793.93,797.2 3 0
github.com/chiyutianyi/grpcfuse/mock/client_mock.go:800.91,802.2 1 0
github.com/chiyutianyi/grpcfuse/mock/client_mock.go:805.58,810.2 4 0
github.com/chiyutianyi/grpcfuse/mock/client_mock.go:813.78,816.2 2 0
github.com/chiyutianyi/grpcfuse/mock/client_mock.go:819.66,824.2 4 0
github.com/chiyutianyi/grpcfuse/mock/client_mock.go:827.76,830.2 2 0
github.com/chiyutianyi/grpcfuse/mock/client_mock.go:833.70,839.2 5 0
github.com/chiyutianyi/grpcfuse/mock/client_mock.go:842.75,845.2 2 0
github.com/chiyutianyi/grpcfuse/mock/client_mock.go:848.73,854.2 5 0
github.com/chiyutianyi/grpcfuse/mock/client_mock.go:857.73,860.2 2 0
github.com/chiyutianyi/grpcfuse/mock/client_mock.go:863.71,868.2 4 0
github.com/chiyutianyi/grpcfuse/mock/client_mock.go:871.89,874.2 2 0
github.com/chiyutianyi/grpcfuse/mock/client_mock.go:877.71,882.2 4 0
github.com/chiyutianyi/grpcfuse/mock/client_mock.go:885.89,888.2 2 0
github.com/chiyutianyi/grpcfuse/mock/client_mock.go:891.62,896.2 4 0
github.com/chiyutianyi/grpcfuse/mock/client_mock.go:899.76,902.2 2 0
github.com/chiyutianyi/grpcfuse/mock/client_mock.go:916.99,920.2 3 0
github.com/chiyutianyi/grpcfuse/mock/client_mock.go:923.97,925.2 1 0
github.com/chiyutianyi/grpcfuse/mock/client_mock.go:928.61,933.2 4 0
github.com/chiyutianyi/grpcfuse/mock/client_mock.go:936.81,939.2 2 0
github.com/chiyutianyi/grpcfuse/mock/client_mock.go:942.69,947.2 4 0
github.com/chiyutianyi/grpcfuse/mock/client_mock.go:950.79,953.2 2 0
github.com/chiyutianyi/grpcfuse/mock/client_mock.go:956.73,962.2 5 0
github.com/chiyutianyi/grpcfuse/mock/client_mock.go:965.78,968.2 2 0
github.com/chiyutianyi/grpcfuse/mock/client_mock.go:971.79,977.2 5 0
github.com/chiyutianyi/grpcfuse/mock/client_mock.go:980.76,983.2 2 0
github.com/chiyutianyi/grpcfuse/mock/client_mock.go:986.74,991.2 4 0
github.com/chiyutianyi/grpcfuse/mock/client_mock.go:994.92,997.2 2 0
github.com/chiyutianyi/grpcfuse/mock/client_mock.go:1000.74,1005.2 4 0
github.com/chiyutianyi/grpcfuse/mock/client_mock.go:1008.92,1011.2 2 0
github.com/chiyutianyi/grpcfuse/mock/client_mock.go:1014.65,1019.2 4 0
github.com/chiyutianyi/grpcfuse/mock/client_mock.go:1022.79,1025.2 2 0
github.com/chiyutianyi/grpcfuse/mock/client_mock.go:1039.107,1043.2 3 0
github.com/chiyutianyi/grpcfuse/mock/client_mock.go:1046.105,1048.2 1 0
github.com/chiyutianyi/grpcfuse/mock/client_mock.go:1051.65,1056.2 4 0
github.com/chiyutianyi/grpcfuse/mock/client_mock.go:1059.85,1062.2 2 0
github.com/chiyutianyi/grpcfuse/mock/client_mock.go:1065.73,1070.2 4 0
github.com/chiyutianyi/grpcfuse/mock/client_mock.go:1073.83,1076.2 2 0
github.com/chiyutianyi/grpcfuse/mock/client_mock.go:1079.77,1085.2 5 0
github.com/chiyutianyi/grpcfuse/mock/client_mock.go:1088.82,1091.2 2 0
github.com/chiyutianyi/grpcfuse/mock/client_mock.go:1094.83,1100.2 5 0
github.com/chiyutianyi/grpcfuse/mock/client_mock.go:1103.80,1106.2 2 0
github.com/chiyutianyi/grpcfuse/mock/client_mock.go:1109.78,1114.2 4 0
github.com/chiyutianyi/grpcfuse/mock/client_mock.go:1117.96,1120.2 2 0
github.com/chiyutianyi/grpcfuse/mock/client_mock.go:1123.78,1128.2 4 0
github.com/chiyutianyi/grpcfuse/mock/client_mock.go:1131.96,1134.2 2 0
github.com/chiyutianyi/grpcfuse/mock/client_mock.go:1137.69,1142.2 4 0
github.com/chiyutianyi/grpcfuse/mock/client_mock.go:1145.83,1148.2 2 0
github.com/chiyutianyi/grpcfuse/mock/client_mock.go:1162.83,1166.2 3 0
github.com/chiyutianyi/grpcfuse/mock/client_mock.go:1169.81,1171.2 1 0
github.com/chiyutianyi/grpcfuse/mock/client_mock.go:1174.116,1180.2 5 0
github.com/chiyutianyi/grpcfuse/mock/client_mock.go:1183.92,1186.2 2 0
github.com/chiyutianyi/grpcfuse/mock/client_mock.go:1189.137,1195.2 5 0
github.com/chiyutianyi/grpcfuse/mock/client_mock.go:1198.99,1201.2 2 0
github.com/chiyutianyi/grpcfuse/mock/client_mock.go:1204.116,1210.2 5 0
github.com/chiyutianyi/grpcfuse/mock/client_mock.go:1213.92,1216.2 2 0
github.com/chiyutianyi/grpcfuse/mock/client_mock.go:1219.125,1225.2 5 0
github.com/chiyutianyi/grpcfuse/mock/client_mock.go:1228.95,1231.2 2 0
github.com/chiyutianyi/grpcfuse/mock/client_mock.go:1234.113,1240.2 5 0
github.com/chiyutianyi/grpcfuse/mock/client_mock.go:1243.91,1246.2 2 0
github.com/chiyutianyi/grpcfuse/mock/client_mock.go:1249.112,1255.2 5 0
github.com/chiyutianyi/grpcfuse/mock/client_mock.go:1258.92,1261.2 2 0
github.com/chiyutianyi/grpcfuse/mock/client_mock.go:1264.113,1270.2 5 0
github.com/chiyutianyi/grpcfuse/mock/client_mock.go:1273.91,1276.2 2 0
github.com/chiyutianyi/grpcfuse/mock/client_mock.go:1279.116,1285.2 5 0
github.com/chiyutianyi/grpcfuse/mock/client_mock.go:1288.94,1291.2 2 0
github.com/chiyutianyi/grpcfuse/mock/client_mock.go:1294.119,1300.2 5 0
github.com/chiyutianyi/grpcfuse/mock/client_mock.go:1303.93,1306.2 2 0
github.com/chiyutianyi/grpcfuse/mock/client_mock.go:1309.110,1315.2 5 0
github.com/chiyutianyi/grpcfuse/mock/client_mock.go:1318.91,1321.2 2 0
github.com/chiyutianyi/grpcfuse/mock/client_mock.go:1324.122,1330.2 5 0
github.com/chiyutianyi/grpcfuse/mock/client_mock.go:1333.94,1336.2 2 0
github.com/chiyutianyi/grpcfuse/mock/client_mock.go:1339.110,1345.2 5 0
github.com/chiyutianyi/grpcfuse/mock/client_mock.go:1348.90,1351.2 2 0
github.com/chiyutianyi/grpcfuse/mock/client_mock.go:1354.125,1360.2 5 0
github.com/chiyutianyi/grpcfuse/mock/client_mock.go:1363.95,1366.2 2 0
github.com/chiyutianyi/grpcfuse/mock/client_mock.go:1369.116,1375.2 5 0
github.com/chiyutianyi/grpcfuse/mock/client_mock.go:1378.92,1381.2 2 0
github.com/chiyutianyi/grpcfuse/mock/client_mock.go:1384.113,1390.2 5 0
github.com/chiyutianyi/grpcfuse/mock/client_mock.go:1393.91,1396.2 2 0
github.com/chiyutianyi/grpcfuse/mock/client_mock.go:1399.113,1405.2 5 0
github.com/chiyutianyi/grpcfuse/mock/client_mock.go:1408.91,1411.2 2 0
github.com/chiyutianyi/grpcfuse/mock/client_mock.go:1414.113,1420.2 5 0
github.com/chiyutianyi/grpcfuse/mock/client_mock.go:1423.91,1426.2 2 0
github.com/chiyutianyi/grpcfuse/mock/client_mock.go:1429.110,1435.2 5 0
github.com/chiyutianyi/grpcfuse/mock/client_mock.go:1438.90,1441.2 2 0
github.com/chiyutianyi/grpcfuse/mock/client_mock.go:1444.119,1450.2 5 0
github.com/chiyutianyi/grpcfuse/mock/client_mock.go:1453.93,1456.2 2 0
github.com/chiyutianyi/grpcfuse/mock/client_mock.go:1459.102,1464.2 4 0
github.com/chiyutianyi/grpcfuse/mock/client_mock.go:1467.90,1470.2 2 0
github.com/chiyutianyi/grpcfuse/mock/client_mock.go:1473.111,1478.2 4 0
github.com/chiyutianyi/grpcfuse/mock/client_mock.go:1481.93,1484.2 2 0
github.com/chiyutianyi/grpcfuse/mock/client_mock.go:1487.119,1492.2 4 0
github.com/chiyutianyi/grpcfuse/mock/client_mock.go:1495.97,1498.2 2 0
github.com/chiyutianyi/grpcfuse/mock/client_mock.go:1501.122,1507.2 5 0
github.com/chiyutianyi/grpcfuse/mock/client_mock.go:1510.94,1513.2 2 0
github.com/chiyutianyi/grpcfuse/mock/client_mock.go:1516.114,1522.2 5 0
github.com/chiyutianyi/grpcfuse/mock/client_mock.go:1525.93,1528.2 2 0
github.com/chiyutianyi/grpcfuse/mock/client_mock.go:1531.117,1537.2 5 0
github.com/chiyutianyi/grpcfuse/mock/client_mock.go:1540.96,1543.2 2 0
github.com/chiyutianyi/grpcfuse/mock/client_mock.go:1546.131,1552.2 5 0
github.com/chiyutianyi/grpcfuse/mock/client_mock.go:1555.97,1558.2 2 0
github.com/chiyutianyi/grpcfuse/mock/client_mock.go:1561.116,1567.2 5 0
github.com/chiyutianyi/grpcfuse/mock/client_mock.go:1570.92,1573.2 2 0
github.com/chiyutianyi/grpcfuse/mock/client_mock.go:1576.113,1582.2 5 0
github.com/chiyutianyi/grpcfuse/mock/client_mock.go:1585.91,1588.2 2 0
github.com/chiyutianyi/grpcfuse/mock/client_mock.go:1591.119,1597.2 5 0
github.com/chiyutianyi/grpcfuse/mock/client_mock.go:1600.93,1603.2 2 0
github.com/chiyutianyi/grpcfuse/mock/client_mock.go:1606.110,1612.2 5 0
github.com/chiyutianyi/grpcfuse/mock/client_mock.go:1615.91,1618.2 2 0
github.com/chiyutianyi/grpcfuse/mock/client_mock.go:1621.111,1627.2 5 0
github.com/chiyutianyi/grpcfuse/mock/client_mock.go:1630.92,1633.2 2 0
github.com/chiyutianyi/grpcfuse/mock/client_mock.go:1636.122,1642.2 5 0
github.com/chiyutianyi/grpcfuse/mock/client_mock.go:1645.94,1648.2 2 0
github.com/chiyutianyi/grpcfuse/mock/client_mock.go:1651.116,1657.2 5 0
github.com/chiyutianyi/grpcfuse/mock/client_mock.go:1660.92,1663.2 2 0
github.com/chiyutianyi/grpcfuse/mock/client_mock.go:1666.116,1672.2 5 0
github.com/chiyutianyi/grpcfuse/mock/client_mock.go:1675.92,1678.2 2 0
github.com/chiyutianyi/grpcfuse/mock/client_mock.go:1681.119,1687.2 5 0
github.com/chiyutianyi/grpcfuse/mock/client_mock.go:1690.93,1693.2 2 0
github.com/chiyutianyi/grpcfuse/mock/client_mock.go:1696.116,1702.2 5 0
github.com/chiyutianyi/grpcfuse/mock/client_mock.go:1705.92,1708.2 2 0
github.com/chiyutianyi/grpcfuse/mock/client_mock.go:1711.113,1717.2 5 0
github.com/chiyutianyi/grpcfuse/mock/client_mock.go:1720.91,1723.2 2 0
github.com/chiyutianyi/grpcfuse/mock/client_mock.go:1726.79,1729.2 2 0
github.com/chiyutianyi/grpcfuse/mock/client_mock.go:1732.105,1735.2 2 0
github.com/chiyutianyi/grpcfuse/mock/client_mock.go:1749.95,1753.2 3 0
github.com/chiyutianyi/grpcfuse/mock/client_mock.go:1756.93,1758.2 1 0
github.com/chiyutianyi/grpcfuse/mock/client_mock.go:1761.85,1764.2 2 0
github.com/chiyutianyi/grpcfuse/mock/client_mock.go:1767.111,1770.2 2 0
github.com/chiyutianyi/grpcfuse/mock/client_mock.go:1784.93,1788.2 3 0
github.com/chiyutianyi/grpcfuse/mock/client_mock.go:1791.91,1793.2 1 0
github.com/chiyutianyi/grpcfuse/mock/client_mock.go:1796.66,1801.2 4 0
github.com/chiyutianyi/grpcfuse/mock/client_mock.go:1804.76,1807.2 2 0
github.com/chiyutianyi/grpcfuse/mock/client_mock.go:1810.71,1815.2 4 0
github.com/chiyutianyi/grpcfuse/mock/client_mock.go:1818.89,1821.2 2 0
github.com/chiyutianyi/grpcfuse/mock/client_mock.go:1824.74,1829.2 4 0
github.com/chiyutianyi/grpcfuse/mock/client_mock.go:1832.89,1835.2 2 0
github.com/chiyutianyi/grpcfuse/mock/client_mock.go:1838.75,1843.2 4 0
github.com/chiyutianyi/grpcfuse/mock/client_mock.go:1846.95,1849.2 2 0
github.com/chiyutianyi/grpcfuse/mock/client_mock.go:1852.71,1857.2 4 0
github.com/chiyutianyi/grpcfuse/mock/client_mock.go:1860.89,1863.2 2 0
github.com/chiyutianyi/grpcfuse/mock/client_mock.go:1866.74,1871.2 4 0
github.com/chiyutianyi/grpcfuse/mock/client_mock.go:1874.94,1877.2 2 0
github.com/chiyutianyi/grpcfuse/mock/client_mock.go:1880.69,1883.2 2 0
github.com/chiyutianyi/grpcfuse/mock/client_mock.go:1886.95,1889.2 2 0
github.com/chiyutianyi/grpcfuse/mock/client_mock.go:1903.99,1907.2 3 0
github.com/chiyutianyi/grpcfuse/mock/client_mock.go:1910.97,1912.2 1 0
github.com/chiyutianyi/grpcfuse/mock/client_mock.go:1915.69,1920.2 4 0
github.com/chiyutianyi/grpcfuse/mock/client_mock.go:1923.79,1926.2 2 0
github.com/chiyutianyi/grpcfuse/mock/client_mock.go:1929.74,1934.2 4 0
github.com/chiyutianyi/grpcfuse/mock/client_mock.go:1937.92,1940.2 2 0
github.com/chiyutianyi/grpcfuse/mock/client_mock.go:1943.80,1948.2 4 0
github.com/chiyutianyi/grpcfuse/mock/client_mock.go:1951.92,1954.2 2 0
github.com/chiyutianyi/grpcfuse/mock/client_mock.go:1957.78,1962.2 4 0
github.com/chiyutianyi/grpcfuse/mock/client_mock.go:1965.98,1968.2 2 0
github.com/chiyutianyi/grpcfuse/mock/client_mock.go:1971.74,1976.2 4 0
github.com/chiyutianyi/grpcfuse/mock/client_mock.go:1979.92,1982.2 2 0
github.com/chiyutianyi/grpcfuse/mock/client_mock.go:1985.77,1990.2 4 0
github.com/chiyutianyi/grpcfuse/mock/client_mock.go:1993.97,1996.2 2 0
github.com/chiyutianyi/grpcfuse/mock/client_mock.go:1999.72,2002.2 2 0
github.com/chiyutianyi/grpcfuse/mock/client_mock.go:2005.98,2008.2 2 0
github.com/chiyutianyi/grpcfuse/mock/client_mock.go:2022.107,2026.2 3 0
github.com/chiyutianyi/grpcfuse/mock/client_mock.go:2029.105,2031.2 1 0
github.com/chiyutianyi/grpcfuse/mock/client_mock.go:2034.73,2039.2 4 0
github.com/chiyutianyi/grpcfuse/mock/client_mock.go:2042.83,2045.2 2 0
github.com/chiyutianyi/grpcfuse/mock/client_mock.go:2048.78,2053.2 4 0
github.com/chiyutianyi/grpcfuse/mock/client_mock.go:2056.96,2059.2 2 0
github.com/chiyutianyi/grpcfuse/mock/client_mock.go:2062.84,2067.2 4 0
github.com/chiyutianyi/grpcfuse/mock/client_mock.go:2070.96,2073.2 2 0
github.com/chiyutianyi/grpcfuse/mock/client_mock.go:2076.82,2081.2 4 0
github.com/chiyutianyi/grpcfuse/mock/client_mock.go:2084.102,2087.2 2 0
github.com/chiyutianyi/grpcfuse/mock/client_mock.go:2090.78,2095.2 4 0
github.com/chiyutianyi/grpcfuse/mock/client_mock.go:2098.96,2101.2 2 0
github.com/chiyutianyi/grpcfuse/mock/client_mock.go:2104.81,2109.2 4 0
github.com/chiyutianyi/grpcfuse/mock/client_mock.go:2112.101,2115.2 2 0
github.com/chiyutianyi/grpcfuse/mock/client_mock.go:2118.76,2121.2 2 0
github.com/chiyutianyi/grpcfuse/mock/client_mock.go:2124.102,2127.2 2 0
github.com/chiyutianyi/grpcfuse/mock/fuse_mock.go:26.65,30.2 3 0
github.com/chiyutianyi/grpcfuse/mock/fuse_mock.go:33.63,35.2 1 0
github.com/chiyutianyi/grpcfuse/mock/fuse_mock.go:38.66,44.2 5 0
github.com/chiyutianyi/grpcfuse/mock/fuse_mock.go:47.75,50.2 2 0
github.com/chiyutianyi/grpcfuse/mock/fuse_mock.go:53.33,56.2 2 0
github.com/chiyutianyi/grpcfuse/mock/fuse_mock.go:59.59,62.2 2 0
github.com/chiyutianyi/grpcfuse/mock/fuse_mock.go:65.37,70.2 4 0
github.com/chiyutianyi/grpcfuse/mock/fuse_mock.go:73.59,76.2 2 0
github.com/chiyutianyi/grpcfuse/mock/fuse_mock.go:90.71,94.2 3 0
github.com/chiyutianyi/grpcfuse/mock/fuse_mock.go:97.69,99.2 1 0
github.com/chiyutianyi/grpcfuse/mock/fuse_mock.go:102.94,107.2 4 0
github.com/chiyutianyi/grpcfuse/mock/fuse_mock.go:110.89,113.2 2 0
github.com/chiyutianyi/grpcfuse/mock/fuse_mock.go:116.118,122.2 5 0
github.com/chiyutianyi/grpcfuse/mock/fuse_mock.go:125.96,128.2 2 0
github.com/chiyutianyi/grpcfuse/mock/fuse_mock.go:131.128,136.2 4 0
github.com/chiyutianyi/grpcfuse/mock/fuse_mock.go:139.100,142.2 2 0
github.com/chiyutianyi/grpcfuse/mock/fuse_mock.go:145.100,150.2 4 0
github.com/chiyutianyi/grpcfuse/mock/fuse_mock.go:153.92,156.2 2 0
github.com/chiyutianyi/grpcfuse/mock/fuse_mock.go:159.92,164.2 4 0
github.com/chiyutianyi/grpcfuse/mock/fuse_mock.go:167.88,170.2 2 0
github.com/chiyutianyi/grpcfuse/mock/fuse_mock.go:173.60,176.2 2 0
github.com/chiyutianyi/grpcfuse/mock/fuse_mock.go:179.91,182.2 2 0
github.com/chiyutianyi/grpcfuse/mock/fuse_mock.go:185.92,190.2 4 0
github.com/chiyutianyi/grpcfuse/mock/fuse_mock.go:193.88,196.2 2 0
github.com/chiyutianyi/grpcfuse/mock/fuse_mock.go:199.95,204.2 4 0
github.com/chiyutianyi/grpcfuse/mock/fuse_mock.go:207.91,210.2 2 0
github.com/chiyutianyi/grpcfuse/mock/fuse_mock.go:213.115,218.2 4 0
github.com/chiyutianyi/grpcfuse/mock/fuse_mock.go:221.95,224.2 2 0
github.com/chiyutianyi/grpcfuse/mock/fuse_mock.go:227.106,232.2 4 0
github.com/chiyutianyi/grpcfuse/mock/fuse_mock.go:235.93,238.2 2 0
github.com/chiyutianyi/grpcfuse/mock/fuse_mock.go:241.133,247.2 5 0
github.com/chiyutianyi/grpcfuse/mock/fuse_mock.go:250.104,253.2 2 0
github.com/chiyutianyi/grpcfuse/mock/fuse_mock.go:256.53,259.2 2 0
github.com/chiyutianyi/grpcfuse/mock/fuse_mock.go:262.78,265.2 2 0
github.com/chiyutianyi/grpcfuse/mock/fuse_mock.go:268.127,273.2 4 0
github.com/chiyutianyi/grpcfuse/mock/fuse_mock.go:276.102,279.2 2 0
github.com/chiyutianyi/grpcfuse/mock/fuse_mock.go:282.121,288.2 5 0
github.com/chiyutianyi/grpcfuse/mock/fuse_mock.go:291.99,294.2 2 0
github.com/chiyutianyi/grpcfuse/mock/fuse_mock.go:297.128,302.2 4 0
github.com/chiyutianyi/grpcfuse/mock/fuse_mock.go:305.101,308.2 2 0
github.com/chiyutianyi/grpcfuse/mock/fuse_mock.go:311.109,316.2 4 0
github.com/chiyutianyi/grpcfuse/mock/fuse_mock.go:319.90,322.2 2 0
github.com/chiyutianyi/grpcfuse/mock/fuse_mock.go:325.125,330.2 4 0
github.com/chiyutianyi/grpcfuse/mock/fuse_mock.go:333.99,336.2 2 0
github.com/chiyutianyi/grpcfuse/mock/fuse_mock.go:339.125,344.2 4 0
github.com/chiyutianyi/grpcfuse/mock/fuse_mock.go:347.99,350.2 2 0
github.com/chiyutianyi/grpcfuse/mock/fuse_mock.go:353.109,358.2 4 0
github.com/chiyutianyi/grpcfuse/mock/fuse_mock.go:361.92,364.2 2 0
github.com/chiyutianyi/grpcfuse/mock/fuse_mock.go:367.112,372.2 4 0
github.com/chiyutianyi/grpcfuse/mock/fuse_mock.go:375.95,378.2 2 0
github.com/chiyutianyi/grpcfuse/mock/fuse_mock.go:381.121,387.2 5 0
github.com/chiyutianyi/grpcfuse/mock/fuse_mock.go:390.92,393.2 2 0
github.com/chiyutianyi/grpcfuse/mock/fuse_mock.go:396.117,401.2 4 0
github.com/chiyutianyi/grpcfuse/mock/fuse_mock.go:404.95,407.2 2 0
github.com/chiyutianyi/grpcfuse/mock/fuse_mock.go:410.121,415.2 4 0
github.com/chiyutianyi/grpcfuse/mock/fuse_mock.go:418.99,421.2 2 0
github.com/chiyutianyi/grpcfuse/mock/fuse_mock.go:424.107,430.2 5 0
github.com/chiyutianyi/grpcfuse/mock/fuse_mock.go:433.92,436.2 2 0
github.com/chiyutianyi/grpcfuse/mock/fuse_mock.go:439.84,442.2 2 0
github.com/chiyutianyi/grpcfuse/mock/fuse_mock.go:445.90,448.2 2 0
github.com/chiyutianyi/grpcfuse/mock/fuse_mock.go:451.63,454.2 2 0
github.com/chiyutianyi/grpcfuse/mock/fuse_mock.go:457.85,460.2 2 0
github.com/chiyutianyi/grpcfuse/mock/fuse_mock.go:463.113,468.2 4 0
github.com/chiyutianyi/grpcfuse/mock/fuse_mock.go:471.101,474.2 2 0
github.com/chiyutianyi/grpcfuse/mock/fuse_mock.go:477.119,482.2 4 0
github.com/chiyutianyi/grpcfuse/mock/fuse_mock.go:485.107,488.2 2 0
github.com/chiyutianyi/grpcfuse/mock/fuse_mock.go:491.107,496.2 4 0
github.com/chiyutianyi/grpcfuse/mock/fuse_mock.go:499.95,502.2 2 0
github.com/chiyutianyi/grpcfuse/mock/fuse_mock.go:505.115,510.2 4 0
github.com/chiyutianyi/grpcfuse/mock/fuse_mock.go:513.95,516.2 2 0
github.com/chiyutianyi/grpcfuse/mock/fuse_mock.go:519.50,522.2 2 0
github.com/chiyutianyi/grpcfuse/mock/fuse_mock.go:525.83,528.2 2 0
github.com/chiyutianyi/grpcfuse/mock/fuse_mock.go:531.89,536.2 4 0
github.com/chiyutianyi/grpcfuse/mock/fuse_mock.go:539.88,542.2 2 0
github.com/chiyutianyi/grpcfuse/mock/fuse_mock.go:545.90,550.2 4 0
github.com/chiyutianyi/grpcfuse/mock/fuse_mock.go:553.89,556.2 2 0
github.com/chiyutianyi/grpcfuse/mock/fuse_mock.go:559.124,564.2 4 0
github.com/chiyutianyi/grpcfuse/mock/fuse_mock.go:567.103,570.2 2 0
github.com/chiyutianyi/grpcfuse/mock/fuse_mock.go:573.115,578.2 4 0
github.com/chiyutianyi/grpcfuse/mock/fuse_mock.go:581.94,584.2 2 0
github.com/chiyutianyi/grpcfuse/mock/fuse_mock.go:587.45,592.2 4 0
github.com/chiyutianyi/grpcfuse/mock/fuse_mock.go:595.64,598.2 2 0
github.com/chiyutianyi/grpcfuse/mock/fuse_mock.go:601.144,606.2 4 0
github.com/chiyutianyi/grpcfuse/mock/fuse_mock.go:609.117,612.2 2 0
github.com/chiyutianyi/grpcfuse/mock/fuse_mock.go:615.108,620.2 4 0
github.com/chiyutianyi/grpcfuse/mock/fuse_mock.go:623.96,626.2 2 0
github.com/chiyutianyi/grpcfuse/mock/fuse_mock.go:629.115,635.2 5 0
github.com/chiyutianyi/grpcfuse/mock/fuse_mock.go:638.94,641.2 2 0
github.com/chiyutianyi/grpcfuse/pb/raw_file_system.pb.go:45.33,47.29 2 0
github.com/chiyutianyi/grpcfuse/pb/raw_file_system.pb.go:47.29,51.3 3 0
github.com/chiyutianyi/grpcfuse/pb/raw_file_system.pb.go:54.41,56.2 1 0
github.com/chiyutianyi/grpcfuse/pb/raw_file_system.pb.go:58.39,58.40 0 0
github.com/chiyutianyi/grpcfuse/pb/raw_file_system.pb.go:60.61,62.41 2 0
github.com/chiyutianyi/grpcfuse/pb/raw_file_system.pb.go:62.41,64.34 2 0
github.com/chiyutianyi/grpcfuse/pb/raw_file_system.pb.go:64.34,66.4 1 0
github.com/chiyutianyi/grpcfuse/pb/raw_file_system.pb.go:67.3,67.12 1 0
github.com/chiyutianyi/grpcfuse/pb/raw_file_system.pb.go:69.2,69.24 1 0
github.com/chiyutianyi/grpcfuse/pb/raw_file_system.pb.go:73.52,75.2 1 0
github.com/chiyutianyi/grpcfuse/pb/raw_file_system.pb.go:85.34,87.29 2 0
github.com/chiyutianyi/grpcfuse/pb/raw_file_system.pb.go:87.29,91.3 3 0
github.com/chiyutianyi/grpcfuse/pb/raw_file_system.pb.go:94.42,96.2 1 0
github.com/chiyutianyi/grpcfuse/pb/raw_file_system.pb.go:98.40,98.41 0 0
github.com/chiyutianyi/grpcfuse/pb/raw_file_system.pb.go:100.62,102.41 2 0
github.com/chiyutianyi/grpcfuse/pb/raw_file_system.pb.go:102.41,104.34 2 0
github.com/chiyutianyi/grpcfuse/pb/raw_file_system.pb.go:104.34,106.4 1 0
github.com/chiyutianyi/grpcfuse/pb/raw_file_system.pb.go:107.3,107.12 1 0
github.com/chiyutianyi/grpcfuse/pb/raw_file_system.pb.go:109.2,109.24 1 0
github.com/chiyutianyi/grpcfuse/pb/raw_file_system.pb.go:113.53,115.2 1 0
github.com/chiyutianyi/grpcfuse/pb/raw_file_system.pb.go:117.44,118.14 1 0
github.com/chiyutianyi/grpcfuse/pb/raw_file_system.pb.go:118.14,120.3 1 0
github.com/chiyutianyi/grpcfuse/pb/raw_file_system.pb.go:121.2,121.11 1 0
github.com/chiyutianyi/grpcfuse/pb/raw_file_system.pb.go:133.33,135.29 2 0
github.com/chiyutianyi/grpcfuse/pb/raw_file_system.pb.go:135.29,139.3 3 0
github.com/chiyutianyi/grpcfuse/pb/raw_file_system.pb.go:142.41,144.2 1 0
github.com/chiyutianyi/grpcfuse/pb/raw_file_system.pb.go:146.39,146.40 0 0
github.com/chiyutianyi/grpcfuse/pb/raw_file_system.pb.go:148.61,150.41 2 0
github.com/chiyutianyi/grpcfuse/pb/raw_file_system.pb.go:150.41,152.34 2 0
github.com/chiyutianyi/grpcfuse/pb/raw_file_system.pb.go:152.34,154.4 1 0
github.com/chiyutianyi/grpcfuse/pb/raw_file_system.pb.go:155.3,155.12 1 0
github.com/chiyutianyi/grpcfuse/pb/raw_file_system.pb.go:157.2,157.24 1 0
github.com/chiyutianyi/grpcfuse/pb/raw_file_system.pb.go:161.52,163.2 1 0
github.com/chiyutianyi/grpcfuse/pb/raw_file_system.pb.go:165.47,166.14 1 0
github.com/chiyutianyi/grpcfuse/pb/raw_file_system.pb.go:166.14,168.3 1 0
github.com/chiyutianyi/grpcfuse/pb/raw_file_system.pb.go:169.2,169.12 1 0
github.com/chiyutianyi/grpcfuse/pb/raw_file_system.pb.go:172.42,173.14 1 0
github.com/chiyutianyi/grpcfuse/pb/raw_file_system.pb.go:173.14,175.3 1 0
github.com/chiyutianyi/grpcfuse/pb/raw_file_system.pb.go:176.2,176.11 1 0
github.com/chiyutianyi/grpcfuse/pb/raw_file_system.pb.go:188.34,190.29 2 0
github.com/chiyutianyi/grpcfuse/pb/raw_file_system.pb.go:190.29,194.3 3 0
github.com/chiyutianyi/grpcfuse/pb/raw_file_system.pb.go:197.42,199.2 1 0
github.com/chiyutianyi/grpcfuse/pb/raw_file_system.pb.go:201.40,201.41 0 0
github.com/chiyutianyi/grpcfuse/pb/raw_file_system.pb.go:203.62,205.41 2 0
github.com/chiyutianyi/grpcfuse/pb/raw_file_system.pb.go:205.41,207.34 2 0
github.com/chiyutianyi/grpcfuse/pb/raw_file_system.pb.go:207.34,209.4 1 0
github.com/chiyutianyi/grpcfuse/pb/raw_file_system.pb.go:210.3,210.12 1 0
github.com/chiyutianyi/grpcfuse/pb/raw_file_system.pb.go:212.2,212.24 1 0
github.com/chiyutianyi/grpcfuse/pb/raw_file_system.pb.go:216.53,218.2 1 0
github.com/chiyutianyi/grpcfuse/pb/raw_file_system.pb.go:220.46,221.14 1 0
github.com/chiyutianyi/grpcfuse/pb/raw_file_system.pb.go:221.14,223.3 1 0
github.com/chiyutianyi/grpcfuse/pb/raw_file_system.pb.go:224.2,224.12 1 0
github.com/chiyutianyi/grpcfuse/pb/raw_file_system.pb.go:227.50,228.14 1 0
github.com/chiyutianyi/grpcfuse/pb/raw_file_system.pb.go:228.14,230.3 1 0
github.com/chiyutianyi/grpcfuse/pb/raw_file_system.pb.go:231.2,231.12 1 0
github.com/chiyutianyi/grpcfuse/pb/raw_file_system.pb.go:243.33,245.29 2 0
github.com/chiyutianyi/grpcfuse/pb/raw_file_system.pb.go:245.29,249.3 3 0
github.com/chiyutianyi/grpcfuse/pb/raw_file_system.pb.go:252.41,254.2 1 0
github.com/chiyutianyi/grpcfuse/pb/raw_file_system.pb.go:256.39,256.40 0 0
github.com/chiyutianyi/grpcfuse/pb/raw_file_system.pb.go:258.61,260.41 2 0
github.com/chiyutianyi/grpcfuse/pb/raw_file_system.pb.go:260.41,262.34 2 0
github.com/chiyutianyi/grpcfuse/pb/raw_file_system.pb.go:262.34,264.4 1 0
github.com/chiyutianyi/grpcfuse/pb/raw_file_system.pb.go:265.3,265.12 1 0
github.com/chiyutianyi/grpcfuse/pb/raw_file_system.pb.go:267.2,267.24 1 0
github.com/chiyutianyi/grpcfuse/pb/raw_file_system.pb.go:271.52,273.2 1 0
github.com/chiyutianyi/grpcfuse/pb/raw_file_system.pb.go:275.44,276.14 1 0
github.com/chiyutianyi/grpcfuse/pb/raw_file_system.pb.go:276.14,278.3 1 0
github.com/chiyutianyi/grpcfuse/pb/raw_file_system.pb.go:279.2,279.10 1 0
github.com/chiyutianyi/grpcfuse/pb/raw_file_system.pb.go:282.45,283.14 1 0
github.com/chiyutianyi/grpcfuse/pb/raw_file_system.pb.go:283.14,285.3 1 0
github.com/chiyutianyi/grpcfuse/pb/raw_file_system.pb.go:286.2,286.10 1 0
github.com/chiyutianyi/grpcfuse/pb/raw_file_system.pb.go:297.34,299.29 2 0
github.com/chiyutianyi/grpcfuse/pb/raw_file_system.pb.go:299.29,303.3 3 0
github.com/chiyutianyi/grpcfuse/pb/raw_file_system.pb.go:306.42,308.2 1 0
github.com/chiyutianyi/grpcfuse/pb/raw_file_system.pb.go:310.40,310.41 0 0
github.com/chiyutianyi/grpcfuse/pb/raw_file_system.pb.go:312.62,314.41 2 0
github.com/chiyutianyi/grpcfuse/pb/raw_file_system.pb.go:314.41,316.34 2 0
github.com/chiyutianyi/grpcfuse/pb/raw_file_system.pb.go:316.34,318.4 1 0
github.com/chiyutianyi/grpcfuse/pb/raw_file_system.pb.go:319.3,319.12 1 0
github.com/chiyutianyi/grpcfuse/pb/raw_file_system.pb.go:321.2,321.24 1 0
github.com/chiyutianyi/grpcfuse/pb/raw_file_system.pb.go:325.53,327.2 1 0
github.com/chiyutianyi/grpcfuse/pb/raw_file_system.pb.go:329.48,330.14 1 0
github.com/chiyutianyi/grpcfuse/pb/raw_file_system.pb.go:330.14,332.3 1 0
github.com/chiyutianyi/grpcfuse/pb/raw_file_system.pb.go:333.2,333.12 1 0
github.com/chiyutianyi/grpcfuse/pb/raw_file_system.pb.go:345.35,347.29 2 0
github.com/chiyutianyi/grpcfuse/pb/raw_file_system.pb.go:347.29,351.3 3 0
github.com/chiyutianyi/grpcfuse/pb/raw_file_system.pb.go:354.43,356.2 1 0
github.com/chiyutianyi/grpcfuse/pb/raw_file_system.pb.go:358.41,358.42 0 0
github.com/chiyutianyi/grpcfuse/pb/raw_file_system.pb.go:360.63,362.41 2 0
github.com/chiyutianyi/grpcfuse/pb/raw_file_system.pb.go:362.41,364.34 2 0
github.com/chiyutianyi/grpcfuse/pb/raw_file_system.pb.go:364.34,366.4 1 0
github.com/chiyutianyi/grpcfuse/pb/raw_file_system.pb.go:367.3,367.12 1 0
github.com/chiyutianyi/grpcfuse/pb/raw_file_system.pb.go:369.2,369.24 1 0
github.com/chiyutianyi/grpcfuse/pb/raw_file_system.pb.go:373.54,375.2 1 0
github.com/chiyutianyi/grpcfuse/pb/raw_file_system.pb.go:377.47,378.14 1 0
github.com/chiyutianyi/grpcfuse/pb/raw_file_system.pb.go:378.14,380.3 1 0
github.com/chiyutianyi/grpcfuse/pb/raw_file_system.pb.go:381.2,381.12 1 0
github.com/chiyutianyi/grpcfuse/pb/raw_file_system.pb.go:384.49,385.14 1 0
github.com/chiyutianyi/grpcfuse/pb/raw_file_system.pb.go:385.14,387.3 1 0
github.com/chiyutianyi/grpcfuse/pb/raw_file_system.pb.go:388.2,388.12 1 0
github.com/chiyutianyi/grpcfuse/pb/raw_file_system.pb.go:414.34,416.29 2 0
github.com/chiyutianyi/grpcfuse/pb/raw_file_system.pb.go:416.29,420.3 3 0
github.com/chiyutianyi/grpcfuse/pb/raw_file_system.pb.go:423.42,425.2 1 0
github.com/chiyutianyi/grpcfuse/pb/raw_file_system.pb.go:427.40,427.41 0 0
github.com/chiyutianyi/grpcfuse/pb/raw_file_system.pb.go:429.62,431.41 2 0
github.com/chiyutianyi/grpcfuse/pb/raw_file_system.pb.go:431.41,433.34 2 0
github.com/chiyutianyi/grpcfuse/pb/raw_file_system.pb.go:433.34,435.4 1 0
github.com/chiyutianyi/grpcfuse/pb/raw_file_system.pb.go:436.3,436.12 1 0
github.com/chiyutianyi/grpcfuse/pb/raw_file_system.pb.go:438.2,438.24 1 0
github.com/chiyutianyi/grpcfuse/pb/raw_file_system.pb.go:442.53,444.2 1 0
github.com/chiyutianyi/grpcfuse/pb/raw_file_system.pb.go:446.48,447.14 1 0
github.com/chiyutianyi/grpcfuse/pb/raw_file_system.pb.go:447.14,449.3 1 0
github.com/chiyutianyi/grpcfuse/pb/raw_file_system.pb.go:450.2,450.12 1 0
github.com/chiyutianyi/grpcfuse/pb/raw_file_system.pb.go:453.44,454.14 1 0
github.com/chiyutianyi/grpcfuse/pb/raw_file_system.pb.go:454.14,456.3 1 0
github.com/chiyutianyi/grpcfuse/pb/raw_file_system.pb.go:457.2,457.10 1 0
github.com/chiyutianyi/grpcfuse/pb/raw_file_system.pb.go:460.46,461.14 1 0
github.com/chiyutianyi/grpcfuse/pb/raw_file_system.pb.go:461.14,463.3 1 0
github.com/chiyutianyi/grpcfuse/pb/raw_file_system.pb.go:464.2,464.10 1 0
github.com/chiyutianyi/grpcfuse/pb/raw_file_system.pb.go:467.41,468.14 1 0
github.com/chiyutianyi/grpcfuse/pb/raw_file_system.pb.go:468.14,470.3 1 0
github.com/chiyutianyi/grpcfuse/pb/raw_file_system.pb.go:471.2,471.10 1 0
github.com/chiyutianyi/grpcfuse/pb/raw_file_system.pb.go:474.43,475.14 1 0
github.com/chiyutianyi/grpcfuse/pb/raw_file_system.pb.go:475.14,477.3 1 0
github.com/chiyutianyi/grpcfuse/pb/raw_file_system.pb.go:478.2,478.10 1 0
github.com/chiyutianyi/grpcfuse/pb/raw_file_system.pb.go:481.48,482.14 1 0
github.com/chiyutianyi/grpcfuse/pb/raw_file_system.pb.go:482.14,484.3 1 0
github.com/chiyutianyi/grpcfuse/pb/raw_file_system.pb.go:485.2,485.10 1 0
github.com/chiyutianyi/grpcfuse/pb/raw_file_system.pb.go:488.44,489.14 1 0
github.com/chiyutianyi/grpcfuse/pb/raw_file_system.pb.go:489.14,491.3 1 0
github.com/chiyutianyi/grpcfuse/pb/raw_file_system.pb.go:492.2,492.10 1 0
github.com/chiyutianyi/grpcfuse/pb/raw_file_system.pb.go:495.44,496.14 1 0
github.com/chiyutianyi/grpcfuse/pb/raw_file_system.pb.go:496.14,498.3 1 0
github.com/chiyutianyi/grpcfuse/pb/raw_file_system.pb.go:499.2,499.10 1 0
github.com/chiyutianyi/grpcfuse/pb/raw_file_system.pb.go:502.44,503.14 1 0
github.com/chiyutianyi/grpcfuse/pb/raw_file_system.pb.go:503.14,505.3 1 0
github.com/chiyutianyi/grpcfuse/pb/raw_file_system.pb.go:506.2,506.10 1 0
github.com/chiyutianyi/grpcfuse/pb/raw_file_system.pb.go:509.48,510.14 1 0
github.com/chiyutianyi/grpcfuse/pb/raw_file_system.pb.go:510.14,512.3 1 0
github.com/chiyutianyi/grpcfuse/pb/raw_file_system.pb.go:513.2,513.10 1 0
github.com/chiyutianyi/grpcfuse/pb/raw_file_system.pb.go:516.48,517.14 1 0
github.com/chiyutianyi/grpcfuse/pb/raw_file_system.pb.go:517.14,519.3 1 0
github.com/chiyutianyi/grpcfuse/pb/raw_file_system.pb.go:520.2,520.10 1 0
github.com/chiyutianyi/grpcfuse/pb/raw_file_system.pb.go:523.48,524.14 1 0
github.com/chiyutianyi/grpcfuse/pb/raw_file_system.pb.go:524.14,526.3 1 0
github.com/chiyutianyi/grpcfuse/pb/raw_file_system.pb.go:527.2,527.10 1 0
github.com/chiyutianyi/grpcfuse/pb/raw_file_system.pb.go:530.43,531.14 1 0
github.com/chiyutianyi/grpcfuse/pb/raw_file_system.pb.go:531.14,533.3 1 0
github.com/chiyutianyi/grpcfuse/pb/raw_file_system.pb.go:534.2,534.10 1 0
github.com/chiyutianyi/grpcfuse/pb/raw_file_system.pb.go:537.46,538.14 1 0
github.com/chiyutianyi/grpcfuse/pb/raw_file_system.pb.go:538.14,540.3 1 0
github.com/chiyutianyi/grpcfuse/pb/raw_file_system.pb.go:541.2,541.10 1 0
github.com/chiyutianyi/grpcfuse/pb/raw_file_system.pb.go:544.44,545.14 1 0
github.com/chiyutianyi/grpcfuse/pb/raw_file_system.pb.go:545.14,547.3 1 0
github.com/chiyutianyi/grpcfuse/pb/raw_file_system.pb.go:548.2,548.12 1 0
github.com/chiyutianyi/grpcfuse/pb/raw_file_system.pb.go:551.46,552.14 1 0
github.com/chiyutianyi/grpcfuse/pb/raw_file_system.pb.go:552.14,554.3 1 0
github.com/chiyutianyi/grpcfuse/pb/raw_file_system.pb.go:555.2,555.10 1 0
github.com/chiyutianyi/grpcfuse/pb/raw_file_system.pb.go:567.35,569.29 2 0
github.com/chiyutianyi/grpcfuse/pb/raw_file_system.pb.go:569.29,573.3 3 0
github.com/chiyutianyi/grpcfuse/pb/raw_file_system.pb.go:576.43,578.2 1 0
github.com/chiyutianyi/grpcfuse/pb/raw_file_system.pb.go:580.41,580.42 0 0
github.com/chiyutianyi/grpcfuse/pb/raw_file_system.pb.go:582.63,584.41 2 0
github.com/chiyutianyi/grpcfuse/pb/raw_file_system.pb.go:584.41,586.34 2 0
github.com/chiyutianyi/grpcfuse/pb/raw_file_system.pb.go:586.34,588.4 1 0
github.com/chiyutianyi/grpcfuse/pb/raw_file_system.pb.go:589.3,589.12 1 0
github.com/chiyutianyi/grpcfuse/pb/raw_file_system.pb.go:591.2,591.24 1 0
github.com/chiyutianyi/grpcfuse/pb/raw_file_system.pb.go:595.54,597.2 1 0
github.com/chiyutianyi/grpcfuse/pb/raw_file_system.pb.go:599.47,600.14 1 0
github.com/chiyutianyi/grpcfuse/pb/raw_file_system.pb.go:600.14,602.3 1 0
github.com/chiyutianyi/grpcfuse/pb/raw_file_system.pb.go:603.2,603.12 1 0
github.com/chiyutianyi/grpcfuse/pb/raw_file_system.pb.go:606.49,607.14 1 0
github.com/chiyutianyi/grpcfuse/pb/raw_file_system.pb.go:607.14,609.3 1 0
github.com/chiyutianyi/grpcfuse/pb/raw_file_system.pb.go:610.2,610.12 1 0
github.com/chiyutianyi/grpcfuse/pb/raw_file_system.pb.go:626.32,628.29 2 0
github.com/chiyutianyi/grpcfuse/pb/raw_file_system.pb.go:628.29,632.3 3 0
github.com/chiyutianyi/grpcfuse/pb/raw_file_system.pb.go:635.40,637.2 1 0
github.com/chiyutianyi/grpcfuse/pb/raw_file_system.pb.go:639.38,639.39 0 0
github.com/chiyutianyi/grpcfuse/pb/raw_file_system.pb.go:641.60,643.41 2 0
github.com/chiyutianyi/grpcfuse/pb/raw_file_system.pb.go:643.41,645.34 2 0
github.com/chiyutianyi/grpcfuse/pb/raw_file_system.pb.go:645.34,647.4 1 0
github.com/chiyutianyi/grpcfuse/pb/raw_file_system.pb.go:648.3,648.12 1 0
github.com/chiyutianyi/grpcfuse/pb/raw_file_system.pb.go:650.2,650.24 1 0
github.com/chiyutianyi/grpcfuse/pb/raw_file_system.pb.go:654.51,656.2 1 0
github.com/chiyutianyi/grpcfuse/pb/raw_file_system.pb.go:658.46,659.14 1 0
github.com/chiyutianyi/grpcfuse/pb/raw_file_system.pb.go:659.14,661.3 1 0
github.com/chiyutianyi/grpcfuse/pb/raw_file_system.pb.go:662.2,662.12 1 0
github.com/chiyutianyi/grpcfuse/pb/raw_file_system.pb.go:665.41,666.14 1 0
github.com/chiyutianyi/grpcfuse/pb/raw_file_system.pb.go:666.14,668.3 1 0
github.com/chiyutianyi/grpcfuse/pb/raw_file_system.pb.go:669.2,669.11 1 0
github.com/chiyutianyi/grpcfuse/pb/raw_file_system.pb.go:672.41,673.14 1 0
github.com/chiyutianyi/grpcfuse/pb/raw_file_system.pb.go:673.14,675.3 1 0
github.com/chiyutianyi/grpcfuse/pb/raw_file_system.pb.go:676.2,676.10 1 0
github.com/chiyutianyi/grpcfuse/pb/raw_file_system.pb.go:679.41,680.14 1 0
github.com/chiyutianyi/grpcfuse/pb/raw_file_system.pb.go:680.14,682.3 1 0
github.com/chiyutianyi/grpcfuse/pb/raw_file_system.pb.go:683.2,683.10 1 0
github.com/chiyutianyi/grpcfuse/pb/raw_file_system.pb.go:686.42,687.14 1 0
github.com/chiyutianyi/grpcfuse/pb/raw_file_system.pb.go:687.14,689.3 1 0
github.com/chiyutianyi/grpcfuse/pb/raw_file_system.pb.go:690.2,690.10 1 0
github.com/chiyutianyi/grpcfuse/pb/raw_file_system.pb.go:702.33,704.29 2 0
github.com/chiyutianyi/grpcfuse/pb/raw_file_system.pb.go:704.29,708.3 3 0
github.com/chiyutianyi/grpcfuse/pb/raw_file_system.pb.go:711.41,713.2 1 0
github.com/chiyutianyi/grpcfuse/pb/raw_file_system.pb.go:715.39,715.40 0 0
github.com/chiyutianyi/grpcfuse/pb/raw_file_system.pb.go:717.61,719.41 2 0
github.com/chiyutianyi/grpcfuse/pb/raw_file_system.pb.go:719.41,721.34 2 0
github.com/chiyutianyi/grpcfuse/pb/raw_file_system.pb.go:721.34,723.4 1 0
github.com/chiyutianyi/grpcfuse/pb/raw_file_system.pb.go:724.3,724.12 1 0
github.com/chiyutianyi/grpcfuse/pb/raw_file_system.pb.go:726.2,726.24 1 0
github.com/chiyutianyi/grpcfuse/pb/raw_file_system.pb.go:730.52,732.2 1 0
github.com/chiyutianyi/grpcfuse/pb/raw_file_system.pb.go:734.45,735.14 1 0
github.com/chiyutianyi/grpcfuse/pb/raw_file_system.pb.go:735.14,737.3 1 0
github.com/chiyutianyi/grpcfuse/pb/raw_file_system.pb.go:738.2,738.12 1 0
github.com/chiyutianyi/grpcfuse/pb/raw_file_system.pb.go:741.49,742.14 1 0
github.com/chiyutianyi/grpcfuse/pb/raw_file_system.pb.go:742.14,744.3 1 0
github.com/chiyutianyi/grpcfuse/pb/raw_file_system.pb.go:745.2,745.12 1 0
github.com/chiyutianyi/grpcfuse/pb/raw_file_system.pb.go:759.32,761.29 2 0
github.com/chiyutianyi/grpcfuse/pb/raw_file_system.pb.go:761.29,765.3 3 0
github.com/chiyutianyi/grpcfuse/pb/raw_file_system.pb.go:768.40,770.2 1 0
github.com/chiyutianyi/grpcfuse/pb/raw_file_system.pb.go:772.38,772.39 0 0
github.com/chiyutianyi/grpcfuse/pb/raw_file_system.pb.go:774.60,776.41 2 0
github.com/chiyutianyi/grpcfuse/pb/raw_file_system.pb.go:776.41,778.34 2 0
github.com/chiyutianyi/grpcfuse/pb/raw_file_system.pb.go:778.34,780.4 1 0
github.com/chiyutianyi/grpcfuse/pb/raw_file_system.pb.go:781.3,781.12 1 0
github.com/chiyutianyi/grpcfuse/pb/raw_file_system.pb.go:783.2,783.24 1 0
github.com/chiyutianyi/grpcfuse/pb/raw_file_system.pb.go:787.51,789.2 1 0
github.com/chiyutianyi/grpcfuse/pb/raw_file_system.pb.go:791.46,792.14 1 0
github.com/chiyutianyi/grpcfuse/pb/raw_file_system.pb.go:792.14,794.3 1 0
github.com/chiyutianyi/grpcfuse/pb/raw_file_system.pb.go:795.2,795.12 1 0
github.com/chiyutianyi/grpcfuse/pb/raw_file_system.pb.go:798.41,799.14 1 0
github.com/chiyutianyi/grpcfuse/pb/raw_file_system.pb.go:799.14,801.3 1 0
github.com/chiyutianyi/grpcfuse/pb/raw_file_system.pb.go:802.2,802.11 1 0
github.com/chiyutianyi/grpcfuse/pb/raw_file_system.pb.go:805.41,806.14 1 0
github.com/chiyutianyi/grpcfuse/pb/raw_file_system.pb.go:806.14,808.3 1 0
github.com/chiyutianyi/grpcfuse/pb/raw_file_system.pb.go:809.2,809.10 1 0
github.com/chiyutianyi/grpcfuse/pb/raw_file_system.pb.go:812.42,813.14 1 0
github.com/chiyutianyi/grpcfuse/pb/raw_file_system.pb.go:813.14,815.3 1 0
github.com/chiyutianyi/grpcfuse/pb/raw_file_system.pb.go:816.2,816.10 1 0
github.com/chiyutianyi/grpcfuse/pb/raw_file_system.pb.go:828.33,830.29 2 0
github.com/chiyutianyi/grpcfuse/pb/raw_file_system.pb.go:830.29,834.3 3 0
github.com/chiyutianyi/grpcfuse/pb/raw_file_system.pb.go:837.41,839.2 1 0
github.com/chiyutianyi/grpcfuse/pb/raw_file_system.pb.go:841.39,841.40 0 0
github.com/chiyutianyi/grpcfuse/pb/raw_file_system.pb.go:843.61,845.41 2 0
github.com/chiyutianyi/grpcfuse/pb/raw_file_system.pb.go:845.41,847.34 2 0
github.com/chiyutianyi/grpcfuse/pb/raw_file_system.pb.go:847.34,849.4 1 0
github.com/chiyutianyi/grpcfuse/pb/raw_file_system.pb.go:850.3,850.12 1 0
github.com/chiyutianyi/grpcfuse/pb/raw_file_system.pb.go:852.2,852.24 1 0
github.com/chiyutianyi/grpcfuse/pb/raw_file_system.pb.go:856.52,858.2 1 0
github.com/chiyutianyi/grpcfuse/pb/raw_file_system.pb.go:860.45,861.14 1 0
github.com/chiyutianyi/grpcfuse/pb/raw_file_system.pb.go:861.14,863.3 1 0
github.com/chiyutianyi/grpcfuse/pb/raw_file_system.pb.go:864.2,864.12 1 0
github.com/chiyutianyi/grpcfuse/pb/raw_file_system.pb.go:867.49,868.14 1 0
github.com/chiyutianyi/grpcfuse/pb/raw_file_system.pb.go:868.14,870.3 1 0
github.com/chiyutianyi/grpcfuse/pb/raw_file_system.pb.go:871.2,871.12 1 0
github.com/chiyutianyi/grpcfuse/pb/raw_file_system.pb.go:883.33,885.29 2 0
github.com/chiyutianyi/grpcfuse/pb/raw_file_system.pb.go:885.29,889.3 3 0
github.com/chiyutianyi/grpcfuse/pb/raw_file_system.pb.go:892.41,894.2 1 0
github.com/chiyutianyi/grpcfuse/pb/raw_file_system.pb.go:896.39,896.40 0 0
github.com/chiyutianyi/grpcfuse/pb/raw_file_system.pb.go:898.61,900.41 2 0
github.com/chiyutianyi/grpcfuse/pb/raw_file_system.pb.go:900.41,902.34 2 0
github.com/chiyutianyi/grpcfuse/pb/raw_file_system.pb.go:902.34,904.4 1 0
github.com/chiyutianyi/grpcfuse/pb/raw_file_system.pb.go:905.3,905.12 1 0
github.com/chiyutianyi/grpcfuse/pb/raw_file_system.pb.go:907.2,907.24 1 0
github.com/chiyutianyi/grpcfuse/pb/raw_file_system.pb.go:911.52,913.2 1 0
github.com/chiyutianyi/grpcfuse/pb/raw_file_system.pb.go:915.47,916.14 1 0
github.com/chiyutianyi/grpcfuse/pb/raw_file_system.pb.go:916.14,918.3 1 0
github.com/chiyutianyi/grpcfuse/pb/raw_file_system.pb.go:919.2,919.12 1 0
github.com/chiyutianyi/grpcfuse/pb/raw_file_system.pb.go:922.42,923.14 1 0
github.com/chiyutianyi/grpcfuse/pb/raw_file_system.pb.go:923.14,925.3 1 0
github.com/chiyutianyi/grpcfuse/pb/raw_file_system.pb.go:926.2,926.11 1 0
github.com/chiyutianyi/grpcfuse/pb/raw_file_system.pb.go:937.34,939.29 2 0
github.com/chiyutianyi/grpcfuse/pb/raw_file_system.pb.go:939.29,943.3 3 0
github.com/chiyutianyi/grpcfuse/pb/raw_file_system.pb.go:946.42,948.2 1 0
github.com/chiyutianyi/grpcfuse/pb/raw_file_system.pb.go:950.40,950.41 0 0
github.com/chiyutianyi/grpcfuse/pb/raw_file_system.pb.go:952.62,954.41 2 0
github.com/chiyutianyi/grpcfuse/pb/raw_file_system.pb.go:954.41,956.34 2 0
github.com/chiyutianyi/grpcfuse/pb/raw_file_system.pb.go:956.34,958.4 1 0
github.com/chiyutianyi/grpcfuse/pb/raw_file_system.pb.go:959.3,959.12 1 0
github.com/chiyutianyi/grpcfuse/pb/raw_file_system.pb.go:961.2,961.24 1 0
github.com/chiyutianyi/grpcfuse/pb/raw_file_system.pb.go:965.53,967.2 1 0
github.com/chiyutianyi/grpcfuse/pb/raw_file_system.pb.go:969.46,970.14 1 0
github.com/chiyutianyi/grpcfuse/pb/raw_file_system.pb.go:970.14,972.3 1 0
github.com/chiyutianyi/grpcfuse/pb/raw_file_system.pb.go:973.2,973.12 1 0
github.com/chiyutianyi/grpcfuse/pb/raw_file_system.pb.go:985.32,987.29 2 0
github.com/chiyutianyi/grpcfuse/pb/raw_file_system.pb.go:987.29,991.3 3 0
github.com/chiyutianyi/grpcfuse/pb/raw_file_system.pb.go:994.40,996.2 1 0
github.com/chiyutianyi/grpcfuse/pb/raw_file_system.pb.go:998.38,998.39 0 0
github.com/chiyutianyi/grpcfuse/pb/raw_file_system.pb.go:1000.60,1002.41 2 0
github.com/chiyutianyi/grpcfuse/pb/raw_file_system.pb.go:1002.41,1004.34 2 0
github.com/chiyutianyi/grpcfuse/pb/raw_file_system.pb.go:1004.34,1006.4 1 0
github.com/chiyutianyi/grpcfuse/pb/raw_file_system.pb.go:1007.3,1007.12 1 0
github.com/chiyutianyi/grpcfuse/pb/raw_file_system.pb.go:1009.2,1009.24 1 0
github.com/chiyutianyi/grpcfuse/pb/raw_file_system.pb.go:1013.51,1015.2 1 0
github.com/chiyutianyi/grpcfuse/pb/raw_file_system.pb.go:1017.46,1018.14 1 0
github.com/chiyutianyi/grpcfuse/pb/raw_file_system.pb.go:1018.14,1020.3 1 0
github.com/chiyutianyi/grpcfuse/pb/raw_file_system.pb.go:1021.2,1021.12 1 0
github.com/chiyutianyi/grpcfuse/pb/raw_file_system.pb.go:1024.41,1025.14 1 0
github.com/chiyutianyi/grpcfuse/pb/raw_file_system.pb.go:1025.14,1027.3 1 0
github.com/chiyutianyi/grpcfuse/pb/raw_file_system.pb.go:1028.2,1028.11 1 0
github.com/chiyutianyi/grpcfuse/pb/raw_file_system.pb.go:1039.33,1041.29 2 0
github.com/chiyutianyi/grpcfuse/pb/raw_file_system.pb.go:1041.29,1045.3 3 0
github.com/chiyutianyi/grpcfuse/pb/raw_file_system.pb.go:1048.41,1050.2 1 0
github.com/chiyutianyi/grpcfuse/pb/raw_file_system.pb.go:1052.39,1052.40 0 0
github.com/chiyutianyi/grpcfuse/pb/raw_file_system.pb.go:1054.61,1056.41 2 0
github.com/chiyutianyi/grpcfuse/pb/raw_file_system.pb.go:1056.41,1058.34 2 0
github.com/chiyutianyi/grpcfuse/pb/raw_file_system.pb.go:1058.34,1060.4 1 0
github.com/chiyutianyi/grpcfuse/pb/raw_file_system.pb.go:1061.3,1061.12 1 0
github.com/chiyutianyi/grpcfuse/pb/raw_file_system.pb.go:1063.2,1063.24 1 0
github.com/chiyutianyi/grpcfuse/pb/raw_file_system.pb.go:1067.52,1069.2 1 0
github.com/chiyutianyi/grpcfuse/pb/raw_file_system.pb.go:1071.45,1072.14 1 0
github.com/chiyutianyi/grpcfuse/pb/raw_file_system.pb.go:1072.14,1074.3 1 0
github.com/chiyutianyi/grpcfuse/pb/raw_file_system.pb.go:1075.2,1075.12 1 0
github.com/chiyutianyi/grpcfuse/pb/raw_file_system.pb.go:1091.33,1093.29 2 0
github.com/chiyutianyi/grpcfuse/pb/raw_file_system.pb.go:1093.29,1097.3 3 0
github.com/chiyutianyi/grpcfuse/pb/raw_file_system.pb.go:1100.41,1102.2 1 0
github.com/chiyutianyi/grpcfuse/pb/raw_file_system.pb.go:1104.39,1104.40 0 0
github.com/chiyutianyi/grpcfuse/pb/raw_file_system.pb.go:1106.61,1108.41 2 0
github.com/chiyutianyi/grpcfuse/pb/raw_file_system.pb.go:1108.41,1110.34 2 0
github.com/chiyutianyi/grpcfuse/pb/raw_file_system.pb.go:1110.34,1112.4 1 0
github.com/chiyutianyi/grpcfuse/pb/raw_file_system.pb.go:1113.3,1113.12 1 0
github.com/chiyutianyi/grpcfuse/pb/raw_file_system.pb.go:1115.2,1115.24 1 0
github.com/chiyutianyi/grpcfuse/pb/raw_file_system.pb.go:1119.52,1121.2 1 0
github.com/chiyutianyi/grpcfuse/pb/raw_file_system.pb.go:1123.47,1124.14 1 0
github.com/chiyutianyi/grpcfuse/pb/raw_file_system.pb.go:1124.14,1126.3 1 0
github.com/chiyutianyi/grpcfuse/pb/raw_file_system.pb.go:1127.2,1127.12 1 0
github.com/chiyutianyi/grpcfuse/pb/raw_file_system.pb.go:1130.45,1131.14 1 0
github.com/chiyutianyi/grpcfuse/pb/raw_file_system.pb.go:1131.14,1133.3 1 0
github.com/chiyutianyi/grpcfuse/pb/raw_file_system.pb.go:1134.2,1134.11 1 0
github.com/chiyutianyi/grpcfuse/pb/raw_file_system.pb.go:1137.45,1138.14 1 0
github.com/chiyutianyi/grpcfuse/pb/raw_file_system.pb.go:1138.14,1140.3 1 0
github.com/chiyutianyi/grpcfuse/pb/raw_file_system.pb.go:1141.2,1141.11 1 0
github.com/chiyutianyi/grpcfuse/pb/raw_file_system.pb.go:1144.44,1145.14 1 0
github.com/chiyutianyi/grpcfuse/pb/raw_file_system.pb.go:1145.14,1147.3 1 0
github.com/chiyutianyi/grpcfuse/pb/raw_file_system.pb.go:1148.2,1148.10 1 0
github.com/chiyutianyi/grpcfuse/pb/raw_file_system.pb.go:1151.43,1152.14 1 0
github.com/chiyutianyi/grpcfuse/pb/raw_file_system.pb.go:1152.14,1154.3 1 0
github.com/chiyutianyi/grpcfuse/pb/raw_file_system.pb.go:1155.2,1155.10 1 0
github.com/chiyutianyi/grpcfuse/pb/raw_file_system.pb.go:1158.45,1159.14 1 0
github.com/chiyutianyi/grpcfuse/pb/raw_file_system.pb.go:1159.14,1161.3 1 0
github.com/chiyutianyi/grpcfuse/pb/raw_file_system.pb.go:1162.2,1162.10 1 0
github.com/chiyutianyi/grpcfuse/pb/raw_file_system.pb.go:1173.34,1175.29 2 0
github.com/chiyutianyi/grpcfuse/pb/raw_file_system.pb.go:1175.29,1179.3 3 0
github.com/chiyutianyi/grpcfuse/pb/raw_file_system.pb.go:1182.42,1184.2 1 0
github.com/chiyutianyi/grpcfuse/pb/raw_file_system.pb.go:1186.40,1186.41 0 0
github.com/chiyutianyi/grpcfuse/pb/raw_file_system.pb.go:1188.62,1190.41 2 0
github.com/chiyutianyi/grpcfuse/pb/raw_file_system.pb.go:1190.41,1192.34 2 0
github.com/chiyutianyi/grpcfuse/pb/raw_file_system.pb.go:1192.34,1194.4 1 0
github.com/chiyutianyi/grpcfuse/pb/raw_file_system.pb.go:1195.3,1195.12 1 0
github.com/chiyutianyi/grpcfuse/pb/raw_file_system.pb.go:1197.2,1197.24 1 0
github.com/chiyutianyi/grpcfuse/pb/raw_file_system.pb.go:1201.53,1203.2 1 0
github.com/chiyutianyi/grpcfuse/pb/raw_file_system.pb.go:1205.46,1206.14 1 0
github.com/chiyutianyi/grpcfuse/pb/raw_file_system.pb.go:1206.14,1208.3 1 0
github.com/chiyutianyi/grpcfuse/pb/raw_file_system.pb.go:1209.2,1209.12 1 0
github.com/chiyutianyi/grpcfuse/pb/raw_file_system.pb.go:1222.31,1224.29 2 0
github.com/chiyutianyi/grpcfuse/pb/raw_file_system.pb.go:1224.29,1228.3 3 0
github.com/chiyutianyi/grpcfuse/pb/raw_file_system.pb.go:1231.39,1233.2 1 0
github.com/chiyutianyi/grpcfuse/pb/raw_file_system.pb.go:1235.37,1235.38 0 0
github.com/chiyutianyi/grpcfuse/pb/raw_file_system.pb.go:1237.59,1239.41 2 0
github.com/chiyutianyi/grpcfuse/pb/raw_file_system.pb.go:1239.41,1241.34 2 0
github.com/chiyutianyi/grpcfuse/pb/raw_file_system.pb.go:1241.34,1243.4 1 0
github.com/chiyutianyi/grpcfuse/pb/raw_file_system.pb.go:1244.3,1244.12 1 0
github.com/chiyutianyi/grpcfuse/pb/raw_file_system.pb.go:1246.2,1246.24 1 0
github.com/chiyutianyi/grpcfuse/pb/raw_file_system.pb.go:1250.50,1252.2 1 0
github.com/chiyutianyi/grpcfuse/pb/raw_file_system.pb.go:1254.45,1255.14 1 0
github.com/chiyutianyi/grpcfuse/pb/raw_file_system.pb.go:1255.14,1257.3 1 0
github.com/chiyutianyi/grpcfuse/pb/raw_file_system.pb.go:1258.2,1258.12 1 0
github.com/chiyutianyi/grpcfuse/pb/raw_file_system.pb.go:1261.45,1262.14 1 0
github.com/chiyutianyi/grpcfuse/pb/raw_file_system.pb.go:1262.14,1264.3 1 0
github.com/chiyutianyi/grpcfuse/pb/raw_file_system.pb.go:1265.2,1265.10 1 0
github.com/chiyutianyi/grpcfuse/pb/raw_file_system.pb.go:1268.44,1269.14 1 0
github.com/chiyutianyi/grpcfuse/pb/raw_file_system.pb.go:1269.14,1271.3 1 0
github.com/chiyutianyi/grpcfuse/pb/raw_file_system.pb.go:1272.2,1272.11 1 0
github.com/chiyutianyi/grpcfuse/pb/raw_file_system.pb.go:1284.32,1286.29 2 0
github.com/chiyutianyi/grpcfuse/pb/raw_file_system.pb.go:1286.29,1290.3 3 0
github.com/chiyutianyi/grpcfuse/pb/raw_file_system.pb.go:1293.40,1295.2 1 0
github.com/chiyutianyi/grpcfuse/pb/raw_file_system.pb.go:1297.38,1297.39 0 0
github.com/chiyutianyi/grpcfuse/pb/raw_file_system.pb.go:1299.60,1301.41 2 0
github.com/chiyutianyi/grpcfuse/pb/raw_file_system.pb.go:1301.41,1303.34 2 0
github.com/chiyutianyi/grpcfuse/pb/raw_file_system.pb.go:1303.34,1305.4 1 0
github.com/chiyutianyi/grpcfuse/pb/raw_file_system.pb.go:1306.3,1306.12 1 0
github.com/chiyutianyi/grpcfuse/pb/raw_file_system.pb.go:1308.2,1308.24 1 0
github.com/chiyutianyi/grpcfuse/pb/raw_file_system.pb.go:1312.51,1314.2 1 0
github.com/chiyutianyi/grpcfuse/pb/raw_file_system.pb.go:1316.44,1317.14 1 0
github.com/chiyutianyi/grpcfuse/pb/raw_file_system.pb.go:1317.14,1319.3 1 0
github.com/chiyutianyi/grpcfuse/pb/raw_file_system.pb.go:1320.2,1320.12 1 0
github.com/chiyutianyi/grpcfuse/pb/raw_file_system.pb.go:1323.48,1324.14 1 0
github.com/chiyutianyi/grpcfuse/pb/raw_file_system.pb.go:1324.14,1326.3 1 0
github.com/chiyutianyi/grpcfuse/pb/raw_file_system.pb.go:1327.2,1327.12 1 0
github.com/chiyutianyi/grpcfuse/pb/raw_file_system.pb.go:1340.34,1342.29 2 0
github.com/chiyutianyi/grpcfuse/pb/raw_file_system.pb.go:1342.29,1346.3 3 0
github.com/chiyutianyi/grpcfuse/pb/raw_file_system.pb.go:1349.42,1351.2 1 0
github.com/chiyutianyi/grpcfuse/pb/raw_file_system.pb.go:1353.40,1353.41 0 0
github.com/chiyutianyi/grpcfuse/pb/raw_file_system.pb.go:1355.62,1357.41 2 0
github.com/chiyutianyi/grpcfuse/pb/raw_file_system.pb.go:1357.41,1359.34 2 0
github.com/chiyutianyi/grpcfuse/pb/raw_file_system.pb.go:1359.34,1361.4 1 0
github.com/chiyutianyi/grpcfuse/pb/raw_file_system.pb.go:1362.3,1362.12 1 0
github.com/chiyutianyi/grpcfuse/pb/raw_file_system.pb.go:1364.2,1364.24 1 0
github.com/chiyutianyi/grpcfuse/pb/raw_file_system.pb.go:1368.53,1370.2 1 0
github.com/chiyutianyi/grpcfuse/pb/raw_file_system.pb.go:1372.48,1373.14 1 0
github.com/chiyutianyi/grpcfuse/pb/raw_file_system.pb.go:1373.14,1375.3 1 0
github.com/chiyutianyi/grpcfuse/pb/raw_file_system.pb.go:1376.2,1376.12 1 0
github.com/chiyutianyi/grpcfuse/pb/raw_file_system.pb.go:1379.48,1380.14 1 0
github.com/chiyutianyi/grpcfuse/pb/raw_file_system.pb.go:1380.14,1382.3 1 0
github.com/chiyutianyi/grpcfuse/pb/raw_file_system.pb.go:1383.2,1383.11 1 0
github.com/chiyutianyi/grpcfuse/pb/raw_file_system.pb.go:1386.47,1387.14 1 0
github.com/chiyutianyi/grpcfuse/pb/raw_file_system.pb.go:1387.14,1389.3 1 0
github.com/chiyutianyi/grpcfuse/pb/raw_file_system.pb.go:1390.2,1390.11 1 0
github.com/chiyutianyi/grpcfuse/pb/raw_file_system.pb.go:1402.35,1404.29 2 0
github.com/chiyutianyi/grpcfuse/pb/raw_file_system.pb.go:1404.29,1408.3 3 0
github.com/chiyutianyi/grpcfuse/pb/raw_file_system.pb.go:1411.43,1413.2 1 0
github.com/chiyutianyi/grpcfuse/pb/raw_file_system.pb.go:1415.41,1415.42 0 0
github.com/chiyutianyi/grpcfuse/pb/raw_file_system.pb.go:1417.63,1419.41 2 0
github.com/chiyutianyi/grpcfuse/pb/raw_file_system.pb.go:1419.41,1421.34 2 0
github.com/chiyutianyi/grpcfuse/pb/raw_file_system.pb.go:1421.34,1423.4 1 0
github.com/chiyutianyi/grpcfuse/pb/raw_file_system.pb.go:1424.3,1424.12 1 0
github.com/chiyutianyi/grpcfuse/pb/raw_file_system.pb.go:1426.2,1426.24 1 0
github.com/chiyutianyi/grpcfuse/pb/raw_file_system.pb.go:1430.54,1432.2 1 0
github.com/chiyutianyi/grpcfuse/pb/raw_file_system.pb.go:1434.47,1435.14 1 0
github.com/chiyutianyi/grpcfuse/pb/raw_file_system.pb.go:1435.14,1437.3 1 0
github.com/chiyutianyi/grpcfuse/pb/raw_file_system.pb.go:1438.2,1438.12 1 0
github.com/chiyutianyi/grpcfuse/pb/raw_file_system.pb.go:1441.51,1442.14 1 0
github.com/chiyutianyi/grpcfuse/pb/raw_file_system.pb.go:1442.14,1444.3 1 0
github.com/chiyutianyi/grpcfuse/pb/raw_file_system.pb.go:1445.2,1445.12 1 0
github.com/chiyutianyi/grpcfuse/pb/raw_file_system.pb.go:1456.35,1458.29 2 0
github.com/chiyutianyi/grpcfuse/pb/raw_file_system.pb.go:1458.29,1462.3 3 0
github.com/chiyutianyi/grpcfuse/pb/raw_file_system.pb.go:1465.43,1467.2 1 0
github.com/chiyutianyi/grpcfuse/pb/raw_file_system.pb.go:1469.41,1469.42 0 0
github.com/chiyutianyi/grpcfuse/pb/raw_file_system.pb.go:1471.63,1473.41 2 0
github.com/chiyutianyi/grpcfuse/pb/raw_file_system.pb.go:1473.41,1475.34 2 0
github.com/chiyutianyi/grpcfuse/pb/raw_file_system.pb.go:1475.34,1477.4 1 0
github.com/chiyutianyi/grpcfuse/pb/raw_file_system.pb.go:1478.3,1478.12 1 0
github.com/chiyutianyi/grpcfuse/pb/raw_file_system.pb.go:1480.2,1480.24 1 0
github.com/chiyutianyi/grpcfuse/pb/raw_file_system.pb.go:1484.54,1486.2 1 0
github.com/chiyutianyi/grpcfuse/pb/raw_file_system.pb.go:1488.49,1489.14 1 0
github.com/chiyutianyi/grpcfuse/pb/raw_file_system.pb.go:1489.14,1491.3 1 0
github.com/chiyutianyi/grpcfuse/pb/raw_file_system.pb.go:1492.2,1492.12 1 0
github.com/chiyutianyi/grpcfuse/pb/raw_file_system.pb.go:1504.36,1506.29 2 0
github.com/chiyutianyi/grpcfuse/pb/raw_file_system.pb.go:1506.29,1510.3 3 0
github.com/chiyutianyi/grpcfuse/pb/raw_file_system.pb.go:1513.44,1515.2 1 0
github.com/chiyutianyi/grpcfuse/pb/raw_file_system.pb.go:1517.42,1517.43 0 0
github.com/chiyutianyi/grpcfuse/pb/raw_file_system.pb.go:1519.64,1521.41 2 0
github.com/chiyutianyi/grpcfuse/pb/raw_file_system.pb.go:1521.41,1523.34 2 0
github.com/chiyutianyi/grpcfuse/pb/raw_file_system.pb.go:1523.34,1525.4 1 0
github.com/chiyutianyi/grpcfuse/pb/raw_file_system.pb.go:1526.3,1526.12 1 0
github.com/chiyutianyi/grpcfuse/pb/raw_file_system.pb.go:1528.2,1528.24 1 0
github.com/chiyutianyi/grpcfuse/pb/raw_file_system.pb.go:1532.55,1534.2 1 0
github.com/chiyutianyi/grpcfuse/pb/raw_file_system.pb.go:1536.48,1537.14 1 0
github.com/chiyutianyi/grpcfuse/pb/raw_file_system.pb.go:1537.14,1539.3 1 0
github.com/chiyutianyi/grpcfuse/pb/raw_file_system.pb.go:1540.2,1540.12 1 0
github.com/chiyutianyi/grpcfuse/pb/raw_file_system.pb.go:1543.44,1544.14 1 0
github.com/chiyutianyi/grpcfuse/pb/raw_file_system.pb.go:1544.14,1546.3 1 0
github.com/chiyutianyi/grpcfuse/pb/raw_file_system.pb.go:1547.2,1547.12 1 0
github.com/chiyutianyi/grpcfuse/pb/raw_file_system.pb.go:1560.33,1562.29 2 0
github.com/chiyutianyi/grpcfuse/pb/raw_file_system.pb.go:1562.29,1566.3 3 0
github.com/chiyutianyi/grpcfuse/pb/raw_file_system.pb.go:1569.41,1571.2 1 0
github.com/chiyutianyi/grpcfuse/pb/raw_file_system.pb.go:1573.39,1573.40 0 0
github.com/chiyutianyi/grpcfuse/pb/raw_file_system.pb.go:1575.61,1577.41 2 0
github.com/chiyutianyi/grpcfuse/pb/raw_file_system.pb.go:1577.41,1579.34 2 0
github.com/chiyutianyi/grpcfuse/pb/raw_file_system.pb.go:1579.34,1581.4 1 0
github.com/chiyutianyi/grpcfuse/pb/raw_file_system.pb.go:1582.3,1582.12 1 0
github.com/chiyutianyi/grpcfuse/pb/raw_file_system.pb.go:1584.2,1584.24 1 0
github.com/chiyutianyi/grpcfuse/pb/raw_file_system.pb.go:1588.52,1590.2 1 0
github.com/chiyutianyi/grpcfuse/pb/raw_file_system.pb.go:1592.47,1593.14 1 0
github.com/chiyutianyi/grpcfuse/pb/raw_file_system.pb.go:1593.14,1595.3 1 0
github.com/chiyutianyi/grpcfuse/pb/raw_file_system.pb.go:1596.2,1596.12 1 0
github.com/chiyutianyi/grpcfuse/pb/raw_file_system.pb.go:1599.42,1600.14 1 0
github.com/chiyutianyi/grpcfuse/pb/raw_file_system.pb.go:1600.14,1602.3 1 0
github.com/chiyutianyi/grpcfuse/pb/raw_file_system.pb.go:1603.2,1603.10 1 0
github.com/chiyutianyi/grpcfuse/pb/raw_file_system.pb.go:1606.45,1607.14 1 0
github.com/chiyutianyi/grpcfuse/pb/raw_file_system.pb.go:1607.14,1609.3 1 0
github.com/chiyutianyi/grpcfuse/pb/raw_file_system.pb.go:1610.2,1610.10 1 0
github.com/chiyutianyi/grpcfuse/pb/raw_file_system.pb.go:1621.34,1623.29 2 0
github.com/chiyutianyi/grpcfuse/pb/raw_file_system.pb.go:1623.29,1627.3 3 0
github.com/chiyutianyi/grpcfuse/pb/raw_file_system.pb.go:1630.42,1632.2 1 0
github.com/chiyutianyi/grpcfuse/pb/raw_file_system.pb.go:1634.40,1634.41 0 0
github.com/chiyutianyi/grpcfuse/pb/raw_file_system.pb.go:1636.62,1638.41 2 0
github.com/chiyutianyi/grpcfuse/pb/raw_file_system.pb.go:1638.41,1640.34 2 0
github.com/chiyutianyi/grpcfuse/pb/raw_file_system.pb.go:1640.34,1642.4 1 0
github.com/chiyutianyi/grpcfuse/pb/raw_file_system.pb.go:1643.3,1643.12 1 0
github.com/chiyutianyi/grpcfuse/pb/raw_file_system.pb.go:1645.2,1645.24 1 0
github.com/chiyutianyi/grpcfuse/pb/raw_file_system.pb.go:1649.53,1651.2 1 0
github.com/chiyutianyi/grpcfuse/pb/raw_file_system.pb.go:1653.46,1654.14 1 0
github.com/chiyutianyi/grpcfuse/pb/raw_file_system.pb.go:1654.14,1656.3 1 0
github.com/chiyutianyi/grpcfuse/pb/raw_file_system.pb.go:1657.2,1657.12 1 0
github.com/chiyutianyi/grpcfuse/pb/raw_file_system.pb.go:1670.35,1672.29 2 0
github.com/chiyutianyi/grpcfuse/pb/raw_file_system.pb.go:1672.29,1676.3 3 0
github.com/chiyutianyi/grpcfuse/pb/raw_file_system.pb.go:1679.43,1681.2 1 0
github.com/chiyutianyi/grpcfuse/pb/raw_file_system.pb.go:1683.41,1683.42 0 0
github.com/chiyutianyi/grpcfuse/pb/raw_file_system.pb.go:1685.63,1687.41 2 0
github.com/chiyutianyi/grpcfuse/pb/raw_file_system.pb.go:1687.41,1689.34 2 0
github.com/chiyutianyi/grpcfuse/pb/raw_file_system.pb.go:1689.34,1691.4 1 0
github.com/chiyutianyi/grpcfuse/pb/raw_file_system.pb.go:1692.3,1692.12 1 0
github.com/chiyutianyi/grpcfuse/pb/raw_file_system.pb.go:1694.2,1694.24 1 0
github.com/chiyutianyi/grpcfuse/pb/raw_file_system.pb.go:1698.54,1700.2 1 0
github.com/chiyutianyi/grpcfuse/pb/raw_file_system.pb.go:1702.49,1703.14 1 0
github.com/chiyutianyi/grpcfuse/pb/raw_file_system.pb.go:1703.14,1705.3 1 0
github.com/chiyutianyi/grpcfuse/pb/raw_file_system.pb.go:1706.2,1706.12 1 0
github.com/chiyutianyi/grpcfuse/pb/raw_file_system.pb.go:1709.44,1710.14 1 0
github.com/chiyutianyi/grpcfuse/pb/raw_file_system.pb.go:1710.14,1712.3 1 0
github.com/chiyutianyi/grpcfuse/pb/raw_file_system.pb.go:1713.2,1713.11 1 0
github.com/chiyutianyi/grpcfuse/pb/raw_file_system.pb.go:1716.44,1717.14 1 0
github.com/chiyutianyi/grpcfuse/pb/raw_file_system.pb.go:1717.14,1719.3 1 0
github.com/chiyutianyi/grpcfuse/pb/raw_file_system.pb.go:1720.2,1720.12 1 0
github.com/chiyutianyi/grpcfuse/pb/raw_file_system.pb.go:1732.36,1734.29 2 0
github.com/chiyutianyi/grpcfuse/pb/raw_file_system.pb.go:1734.29,1738.3 3 0
github.com/chiyutianyi/grpcfuse/pb/raw_file_system.pb.go:1741.44,1743.2 1 0
github.com/chiyutianyi/grpcfuse/pb/raw_file_system.pb.go:1745.42,1745.43 0 0
github.com/chiyutianyi/grpcfuse/pb/raw_file_system.pb.go:1747.64,1749.41 2 0
github.com/chiyutianyi/grpcfuse/pb/raw_file_system.pb.go:1749.41,1751.34 2 0
github.com/chiyutianyi/grpcfuse/pb/raw_file_system.pb.go:1751.34,1753.4 1 0
github.com/chiyutianyi/grpcfuse/pb/raw_file_system.pb.go:1754.3,1754.12 1 0
github.com/chiyutianyi/grpcfuse/pb/raw_file_system.pb.go:1756.2,1756.24 1 0
github.com/chiyutianyi/grpcfuse/pb/raw_file_system.pb.go:1760.55,1762.2 1 0
github.com/chiyutianyi/grpcfuse/pb/raw_file_system.pb.go:1764.48,1765.14 1 0
github.com/chiyutianyi/grpcfuse/pb/raw_file_system.pb.go:1765.14,1767.3 1 0
github.com/chiyutianyi/grpcfuse/pb/raw_file_system.pb.go:1768.2,1768.12 1 0
github.com/chiyutianyi/grpcfuse/pb/raw_file_system.pb.go:1771.45,1772.14 1 0
github.com/chiyutianyi/grpcfuse/pb/raw_file_system.pb.go:1772.14,1774.3 1 0
github.com/chiyutianyi/grpcfuse/pb/raw_file_system.pb.go:1775.2,1775.10 1 0
github.com/chiyutianyi/grpcfuse/pb/raw_file_system.pb.go:1787.36,1789.29 2 0
github.com/chiyutianyi/grpcfuse/pb/raw_file_system.pb.go:1789.29,1793.3 3 0
github.com/chiyutianyi/grpcfuse/pb/raw_file_system.pb.go:1796.44,1798.2 1 0
github.com/chiyutianyi/grpcfuse/pb/raw_file_system.pb.go:1800.42,1800.43 0 0
github.com/chiyutianyi/grpcfuse/pb/raw_file_system.pb.go:1802.64,1804.41 2 0
github.com/chiyutianyi/grpcfuse/pb/raw_file_system.pb.go:1804.41,1806.34 2 0
github.com/chiyutianyi/grpcfuse/pb/raw_file_system.pb.go:1806.34,1808.4 1 0
github.com/chiyutianyi/grpcfuse/pb/raw_file_system.pb.go:1809.3,1809.12 1 0
github.com/chiyutianyi/grpcfuse/pb/raw_file_system.pb.go:1811.2,1811.24 1 0
github.com/chiyutianyi/grpcfuse/pb/raw_file_system.pb.go:1815.55,1817.2 1 0
github.com/chiyutianyi/grpcfuse/pb/raw_file_system.pb.go:1819.50,1820.14 1 0
github.com/chiyutianyi/grpcfuse/pb/raw_file_system.pb.go:1820.14,1822.3 1 0
github.com/chiyutianyi/grpcfuse/pb/raw_file_system.pb.go:1823.2,1823.12 1 0
github.com/chiyutianyi/grpcfuse/pb/raw_file_system.pb.go:1826.45,1827.14 1 0
github.com/chiyutianyi/grpcfuse/pb/raw_file_system.pb.go:1827.14,1829.3 1 0
github.com/chiyutianyi/grpcfuse/pb/raw_file_system.pb.go:1830.2,1830.12 1 0
github.com/chiyutianyi/grpcfuse/pb/raw_file_system.pb.go:1842.37,1844.29 2 0
github.com/chiyutianyi/grpcfuse/pb/raw_file_system.pb.go:1844.29,1848.3 3 0
github.com/chiyutianyi/grpcfuse/pb/raw_file_system.pb.go:1851.45,1853.2 1 0
github.com/chiyutianyi/grpcfuse/pb/raw_file_system.pb.go:1855.43,1855.44 0 0
github.com/chiyutianyi/grpcfuse/pb/raw_file_system.pb.go:1857.65,1859.41 2 0
github.com/chiyutianyi/grpcfuse/pb/raw_file_system.pb.go:1859.41,1861.34 2 0
github.com/chiyutianyi/grpcfuse/pb/raw_file_system.pb.go:1861.34,1863.4 1 0
github.com/chiyutianyi/grpcfuse/pb/raw_file_system.pb.go:1864.3,1864.12 1 0
github.com/chiyutianyi/grpcfuse/pb/raw_file_system.pb.go:1866.2,1866.24 1 0
github.com/chiyutianyi/grpcfuse/pb/raw_file_system.pb.go:1870.56,1872.2 1 0
github.com/chiyutianyi/grpcfuse/pb/raw_file_system.pb.go:1874.49,1875.14 1 0
github.com/chiyutianyi/grpcfuse/pb/raw_file_system.pb.go:1875.14,1877.3 1 0
github.com/chiyutianyi/grpcfuse/pb/raw_file_system.pb.go:1878.2,1878.12 1 0
github.com/chiyutianyi/grpcfuse/pb/raw_file_system.pb.go:1881.46,1882.14 1 0
github.com/chiyutianyi/grpcfuse/pb/raw_file_system.pb.go:1882.14,1884.3 1 0
github.com/chiyutianyi/grpcfuse/pb/raw_file_system.pb.go:1885.2,1885.10 1 0
github.com/chiyutianyi/grpcfuse/pb/raw_file_system.pb.go:1902.35,1904.29 2 0
github.com/chiyutianyi/grpcfuse/pb/raw_file_system.pb.go:1904.29,1908.3 3 0
github.com/chiyutianyi/grpcfuse/pb/raw_file_system.pb.go:1911.43,1913.2 1 0
github.com/chiyutianyi/grpcfuse/pb/raw_file_system.pb.go:1915.41,1915.42 0 0
github.com/chiyutianyi/grpcfuse/pb/raw_file_system.pb.go:1917.63,1919.41 2 0
github.com/chiyutianyi/grpcfuse/pb/raw_file_system.pb.go:1919.41,1921.34 2 0
github.com/chiyutianyi/grpcfuse/pb/raw_file_system.pb.go:1921.34,1923.4 1 0
github.com/chiyutianyi/grpcfuse/pb/raw_file_system.pb.go:1924.3,1924.12 1 0
github.com/chiyutianyi/grpcfuse/pb/raw_file_system.pb.go:1926.2,1926.24 1 0
github.com/chiyutianyi/grpcfuse/pb/raw_file_system.pb.go:1930.54,1932.2 1 0
github.com/chiyutianyi/grpcfuse/pb/raw_file_system.pb.go:1934.49,1935.14 1 0
github.com/chiyutianyi/grpcfuse/pb/raw_file_system.pb.go:1935.14,1937.3 1 0
github.com/chiyutianyi/grpcfuse/pb/raw_file_system.pb.go:1938.2,1938.12 1 0
github.com/chiyutianyi/grpcfuse/pb/raw_file_system.pb.go:1941.44,1942.14 1 0
github.com/chiyutianyi/grpcfuse/pb/raw_file_system.pb.go:1942.14,1944.3 1 0
github.com/chiyutianyi/grpcfuse/pb/raw_file_system.pb.go:1945.2,1945.11 1 0
github.com/chiyutianyi/grpcfuse/pb/raw_file_system.pb.go:1948.44,1949.14 1 0
github.com/chiyutianyi/grpcfuse/pb/raw_file_system.pb.go:1949.14,1951.3 1 0
github.com/chiyutianyi/grpcfuse/pb/raw_file_system.pb.go:1952.2,1952.12 1 0
github.com/chiyutianyi/grpcfuse/pb/raw_file_system.pb.go:1955.44,1956.14 1 0
github.com/chiyutianyi/grpcfuse/pb/raw_file_system.pb.go:1956.14,1958.3 1 0
github.com/chiyutianyi/grpcfuse/pb/raw_file_system.pb.go:1959.2,1959.10 1 0
github.com/chiyutianyi/grpcfuse/pb/raw_file_system.pb.go:1962.45,1963.14 1 0
github.com/chiyutianyi/grpcfuse/pb/raw_file_system.pb.go:1963.14,1965.3 1 0
github.com/chiyutianyi/grpcfuse/pb/raw_file_system.pb.go:1966.2,1966.10 1 0
github.com/chiyutianyi/grpcfuse/pb/raw_file_system.pb.go:1969.48,1970.14 1 0
github.com/chiyutianyi/grpcfuse/pb/raw_file_system.pb.go:1970.14,1972.3 1 0
github.com/chiyutianyi/grpcfuse/pb/raw_file_system.pb.go:1973.2,1973.10 1 0
github.com/chiyutianyi/grpcfuse/pb/raw_file_system.pb.go:1976.47,1977.14 1 0
github.com/chiyutianyi/grpcfuse/pb/raw_file_system.pb.go:1977.14,1979.3 1 0
github.com/chiyutianyi/grpcfuse/pb/raw_file_system.pb.go:1980.2,1980.10 1 0
github.com/chiyutianyi/grpcfuse/pb/raw_file_system.pb.go:1991.36,1993.29 2 0
github.com/chiyutianyi/grpcfuse/pb/raw_file_system.pb.go:1993.29,1997.3 3 0
github.com/chiyutianyi/grpcfuse/pb/raw_file_system.pb.go:2000.44,2002.2 1 0
github.com/chiyutianyi/grpcfuse/pb/raw_file_system.pb.go:2004.42,2004.43 0 0
github.com/chiyutianyi/grpcfuse/pb/raw_file_system.pb.go:2006.64,2008.41 2 0
github.com/chiyutianyi/grpcfuse/pb/raw_file_system.pb.go:2008.41,2010.34 2 0
github.com/chiyutianyi/grpcfuse/pb/raw_file_system.pb.go:2010.34,2012.4 1 0
github.com/chiyutianyi/grpcfuse/pb/raw_file_system.pb.go:2013.3,2013.12 1 0
github.com/chiyutianyi/grpcfuse/pb/raw_file_system.pb.go:2015.2,2015.24 1 0
github.com/chiyutianyi/grpcfuse/pb/raw_file_system.pb.go:2019.55,2021.2 1 0
github.com/chiyutianyi/grpcfuse/pb/raw_file_system.pb.go:2023.48,2024.14 1 0
github.com/chiyutianyi/grpcfuse/pb/raw_file_system.pb.go:2024.14,2026.3 1 0
github.com/chiyutianyi/grpcfuse/pb/raw_file_system.pb.go:2027.2,2027.12 1 0
github.com/chiyutianyi/grpcfuse/pb/raw_file_system.pb.go:2039.38,2041.29 2 0
github.com/chiyutianyi/grpcfuse/pb/raw_file_system.pb.go:2041.29,2045.3 3 0
github.com/chiyutianyi/grpcfuse/pb/raw_file_system.pb.go:2048.46,2050.2 1 0
github.com/chiyutianyi/grpcfuse/pb/raw_file_system.pb.go:2052.44,2052.45 0 0
github.com/chiyutianyi/grpcfuse/pb/raw_file_system.pb.go:2054.66,2056.41 2 0
github.com/chiyutianyi/grpcfuse/pb/raw_file_system.pb.go:2056.41,2058.34 2 0
github.com/chiyutianyi/grpcfuse/pb/raw_file_system.pb.go:2058.34,2060.4 1 0
github.com/chiyutianyi/grpcfuse/pb/raw_file_system.pb.go:2061.3,2061.12 1 0
github.com/chiyutianyi/grpcfuse/pb/raw_file_system.pb.go:2063.2,2063.24 1 0
github.com/chiyutianyi/grpcfuse/pb/raw_file_system.pb.go:2067.57,2069.2 1 0
github.com/chiyutianyi/grpcfuse/pb/raw_file_system.pb.go:2071.52,2072.14 1 0
github.com/chiyutianyi/grpcfuse/pb/raw_file_system.pb.go:2072.14,2074.3 1 0
github.com/chiyutianyi/grpcfuse/pb/raw_file_system.pb.go:2075.2,2075.12 1 0
github.com/chiyutianyi/grpcfuse/pb/raw_file_system.pb.go:2078.47,2079.14 1 0
github.com/chiyutianyi/grpcfuse/pb/raw_file_system.pb.go:2079.14,2081.3 1 0
github.com/chiyutianyi/grpcfuse/pb/raw_file_system.pb.go:2082.2,2082.11 1 0
github.com/chiyutianyi/grpcfuse/pb/raw_file_system.pb.go:2093.39,2095.29 2 0
github.com/chiyutianyi/grpcfuse/pb/raw_file_system.pb.go:2095.29,2099.3 3 0
github.com/chiyutianyi/grpcfuse/pb/raw_file_system.pb.go:2102.47,2104.2 1 0
github.com/chiyutianyi/grpcfuse/pb/raw_file_system.pb.go:2106.45,2106.46 0 0
github.com/chiyutianyi/grpcfuse/pb/raw_file_system.pb.go:2108.67,2110.41 2 0
github.com/chiyutianyi/grpcfuse/pb/raw_file_system.pb.go:2110.41,2112.34 2 0
github.com/chiyutianyi/grpcfuse/pb/raw_file_system.pb.go:2112.34,2114.4 1 0
github.com/chiyutianyi/grpcfuse/pb/raw_file_system.pb.go:2115.3,2115.12 1 0
github.com/chiyutianyi/grpcfuse/pb/raw_file_system.pb.go:2117.2,2117.24 1 0
github.com/chiyutianyi/grpcfuse/pb/raw_file_system.pb.go:2121.58,2123.2 1 0
github.com/chiyutianyi/grpcfuse/pb/raw_file_system.pb.go:2125.51,2126.14 1 0
github.com/chiyutianyi/grpcfuse/pb/raw_file_system.pb.go:2126.14,2128.3 1 0
github.com/chiyutianyi/grpcfuse/pb/raw_file_system.pb.go:2129.2,2129.12 1 0
github.com/chiyutianyi/grpcfuse/pb/raw_file_system.pb.go:2146.33,2148.29 2 0
github.com/chiyutianyi/grpcfuse/pb/raw_file_system.pb.go:2148.29,2152.3 3 0
github.com/chiyutianyi/grpcfuse/pb/raw_file_system.pb.go:2155.41,2157.2 1 0
github.com/chiyutianyi/grpcfuse/pb/raw_file_system.pb.go:2159.39,2159.40 0 0
github.com/chiyutianyi/grpcfuse/pb/raw_file_system.pb.go:2161.61,2163.41 2 0
github.com/chiyutianyi/grpcfuse/pb/raw_file_system.pb.go:2163.41,2165.34 2 0
github.com/chiyutianyi/grpcfuse/pb/raw_file_system.pb.go:2165.34,2167.4 1 0
github.com/chiyutianyi/grpcfuse/pb/raw_file_system.pb.go:2168.3,2168.12 1 0
github.com/chiyutianyi/grpcfuse/pb/raw_file_system.pb.go:2170.2,2170.24 1 0
github.com/chiyutianyi/grpcfuse/pb/raw_file_system.pb.go:2174.52,2176.2 1 0
github.com/chiyutianyi/grpcfuse/pb/raw_file_system.pb.go:2178.47,2179.14 1 0
github.com/chiyutianyi/grpcfuse/pb/raw_file_system.pb.go:2179.14,2181.3 1 0
github.com/chiyutianyi/grpcfuse/pb/raw_file_system.pb.go:2182.2,2182.12 1 0
github.com/chiyutianyi/grpcfuse/pb/raw_file_system.pb.go:2185.42,2186.14 1 0
github.com/chiyutianyi/grpcfuse/pb/raw_file_system.pb.go:2186.14,2188.3 1 0
github.com/chiyutianyi/grpcfuse/pb/raw_file_system.pb.go:2189.2,2189.11 1 0
github.com/chiyutianyi/grpcfuse/pb/raw_file_system.pb.go:2192.43,2193.14 1 0
github.com/chiyutianyi/grpcfuse/pb/raw_file_system.pb.go:2193.14,2195.3 1 0
github.com/chiyutianyi/grpcfuse/pb/raw_file_system.pb.go:2196.2,2196.10 1 0
github.com/chiyutianyi/grpcfuse/pb/raw_file_system.pb.go:2199.42,2200.14 1 0
github.com/chiyutianyi/grpcfuse/pb/raw_file_system.pb.go:2200.14,2202.3 1 0
github.com/chiyutianyi/grpcfuse/pb/raw_file_system.pb.go:2203.2,2203.10 1 0
github.com/chiyutianyi/grpcfuse/pb/raw_file_system.pb.go:2206.43,2207.14 1 0
github.com/chiyutianyi/grpcfuse/pb/raw_file_system.pb.go:2207.14,2209.3 1 0
github.com/chiyutianyi/grpcfuse/pb/raw_file_system.pb.go:2210.2,2210.10 1 0
github.com/chiyutianyi/grpcfuse/pb/raw_file_system.pb.go:2213.45,2214.14 1 0
[...]
github.com/chiyutianyi/grpcfuse/pb/shared.pb.go:947.34,949.4 1 0
github.com/chiyutianyi/grpcfuse/pb/shared.pb.go:950.3,950.12 1 0
github.com/chiyutianyi/grpcfuse/pb/shared.pb.go:952.2,952.24 1 0
github.com/chiyutianyi/grpcfuse/pb/shared.pb.go:956.47,958.2 1 0
github.com/chiyutianyi/grpcfuse/pb/shared.pb.go:960.37,961.14 1 0
github.com/chiyutianyi/grpcfuse/pb/shared.pb.go:961.14,963.3 1 0
github.com/chiyutianyi/grpcfuse/pb/shared.pb.go:964.2,964.10 1 0
github.com/chiyutianyi/grpcfuse/pb/shared.pb.go:967.36,968.14 1 0
github.com/chiyutianyi/grpcfuse/pb/shared.pb.go:968.14,970.3 1 0
github.com/chiyutianyi/grpcfuse/pb/shared.pb.go:971.2,971.10 1 0
github.com/chiyutianyi/grpcfuse/pb/shared.pb.go:974.37,975.14 1 0
github.com/chiyutianyi/grpcfuse/pb/shared.pb.go:975.14,977.3 1 0
github.com/chiyutianyi/grpcfuse/pb/shared.pb.go:978.2,978.12 1 0
github.com/chiyutianyi/grpcfuse/pb/shared.pb.go:1103.45,1104.42 1 0
github.com/chiyutianyi/grpcfuse/pb/shared.pb.go:1104.42,1106.3 1 0
github.com/chiyutianyi/grpcfuse/pb/shared.pb.go:1107.2,1107.38 1 0
github.com/chiyutianyi/grpcfuse/pb/shared.pb.go:1140.13,1140.41 1 0
github.com/chiyutianyi/grpcfuse/pb/shared.pb.go:1141.31,1142.30 1 0
github.com/chiyutianyi/grpcfuse/pb/shared.pb.go:1142.30,1144.3 1 0
github.com/chiyutianyi/grpcfuse/pb/shared.pb.go:1145.2,1145.30 1 0
github.com/chiyutianyi/grpcfuse/pb/shared.pb.go:1145.30,1146.83 1 0
github.com/chiyutianyi/grpcfuse/pb/shared.pb.go:1146.83,1147.31 1 0
github.com/chiyutianyi/grpcfuse/pb/shared.pb.go:1148.11,1149.20 1 0
github.com/chiyutianyi/grpcfuse/pb/shared.pb.go:1150.11,1151.24 1 0
github.com/chiyutianyi/grpcfuse/pb/shared.pb.go:1152.11,1153.28 1 0
github.com/chiyutianyi/grpcfuse/pb/shared.pb.go:1154.12,1155.15 1 0
github.com/chiyutianyi/grpcfuse/pb/shared.pb.go:1158.3,1158.83 1 0
github.com/chiyutianyi/grpcfuse/pb/shared.pb.go:1158.83,1159.30 1 0
github.com/chiyutianyi/grpcfuse/pb/shared.pb.go:1160.11,1161.20 1 0
github.com/chiyutianyi/grpcfuse/pb/shared.pb.go:1162.11,1163.24 1 0
github.com/chiyutianyi/grpcfuse/pb/shared.pb.go:1164.11,1165.28 1 0
github.com/chiyutianyi/grpcfuse/pb/shared.pb.go:1166.12,1167.15 1 0
github.com/chiyutianyi/grpcfuse/pb/shared.pb.go:1170.3,1170.83 1 0
github.com/chiyutianyi/grpcfuse/pb/shared.pb.go:1170.83,1171.31 1 0
github.com/chiyutianyi/grpcfuse/pb/shared.pb.go:1172.11,1173.20 1 0
github.com/chiyutianyi/grpcfuse/pb/shared.pb.go:1174.11,1175.24 1 0
github.com/chiyutianyi/grpcfuse/pb/shared.pb.go:1176.11,1177.28 1 0
github.com/chiyutianyi/grpcfuse/pb/shared.pb.go:1178.12,1179.15 1 0
github.com/chiyutianyi/grpcfuse/pb/shared.pb.go:1182.3,1182.83 1 0
github.com/chiyutianyi/grpcfuse/pb/shared.pb.go:1182.83,1183.33 1 0
github.com/chiyutianyi/grpcfuse/pb/shared.pb.go:1184.11,1185.20 1 0
github.com/chiyutianyi/grpcfuse/pb/shared.pb.go:1186.11,1187.24 1 0
github.com/chiyutianyi/grpcfuse/pb/shared.pb.go:1188.11,1189.28 1 0
github.com/chiyutianyi/grpcfuse/pb/shared.pb.go:1190.12,1191.15 1 0
github.com/chiyutianyi/grpcfuse/pb/shared.pb.go:1194.3,1194.83 1 0
github.com/chiyutianyi/grpcfuse/pb/shared.pb.go:1194.83,1195.29 1 0
github.com/chiyutianyi/grpcfuse/pb/shared.pb.go:1196.11,1197.20 1 0
github.com/chiyutianyi/grpcfuse/pb/shared.pb.go:1198.11,1199.24 1 0
github.com/chiyutianyi/grpcfuse/pb/shared.pb.go:1200.11,1201.28 1 0
github.com/chiyutianyi/grpcfuse/pb/shared.pb.go:1202.12,1203.15 1 0
github.com/chiyutianyi/grpcfuse/pb/shared.pb.go:1206.3,1206.83 1 0
github.com/chiyutianyi/grpcfuse/pb/shared.pb.go:1206.83,1207.32 1 0
github.com/chiyutianyi/grpcfuse/pb/shared.pb.go:1208.11,1209.20 1 0
github.com/chiyutianyi/grpcfuse/pb/shared.pb.go:1210.11,1211.24 1 0
github.com/chiyutianyi/grpcfuse/pb/shared.pb.go:1212.11,1213.28 1 0
github.com/chiyutianyi/grpcfuse/pb/shared.pb.go:1214.12,1215.15 1 0
github.com/chiyutianyi/grpcfuse/pb/shared.pb.go:1218.3,1218.83 1 0
github.com/chiyutianyi/grpcfuse/pb/shared.pb.go:1218.83,1219.33 1 0
github.com/chiyutianyi/grpcfuse/pb/shared.pb.go:1220.11,1221.20 1 0
github.com/chiyutianyi/grpcfuse/pb/shared.pb.go:1222.11,1223.24 1 0
github.com/chiyutianyi/grpcfuse/pb/shared.pb.go:1224.11,1225.28 1 0
github.com/chiyutianyi/grpcfuse/pb/shared.pb.go:1226.12,1227.15 1 0
github.com/chiyutianyi/grpcfuse/pb/shared.pb.go:1230.3,1230.83 1 0
github.com/chiyutianyi/grpcfuse/pb/shared.pb.go:1230.83,1231.31 1 0
github.com/chiyutianyi/grpcfuse/pb/shared.pb.go:1232.11,1233.20 1 0
github.com/chiyutianyi/grpcfuse/pb/shared.pb.go:1234.11,1235.24 1 0
github.com/chiyutianyi/grpcfuse/pb/shared.pb.go:1236.11,1237.28 1 0
github.com/chiyutianyi/grpcfuse/pb/shared.pb.go:1238.12,1239.15 1 0
github.com/chiyutianyi/grpcfuse/pb/shared.pb.go:1242.3,1242.83 1 0
github.com/chiyutianyi/grpcfuse/pb/shared.pb.go:1242.83,1243.32 1 0
github.com/chiyutianyi/grpcfuse/pb/shared.pb.go:1244.11,1245.20 1 0
github.com/chiyutianyi/grpcfuse/pb/shared.pb.go:1246.11,1247.24 1 0
github.com/chiyutianyi/grpcfuse/pb/shared.pb.go:1248.11,1249.28 1 0
github.com/chiyutianyi/grpcfuse/pb/shared.pb.go:1250.12,1251.15 1 0
github.com/chiyutianyi/grpcfuse/pb/shared.pb.go:1254.3,1254.83 1 0
github.com/chiyutianyi/grpcfuse/pb/shared.pb.go:1254.83,1255.31 1 0
github.com/chiyutianyi/grpcfuse/pb/shared.pb.go:1256.11,1257.20 1 0
github.com/chiyutianyi/grpcfuse/pb/shared.pb.go:1258.11,1259.24 1 0
github.com/chiyutianyi/grpcfuse/pb/shared.pb.go:1260.11,1261.28 1 0
github.com/chiyutianyi/grpcfuse/pb/shared.pb.go:1262.12,1263.15 1 0
github.com/chiyutianyi/grpcfuse/pb/shared.pb.go:1266.3,1266.84 1 0
github.com/chiyutianyi/grpcfuse/pb/shared.pb.go:1266.84,1267.33 1 0
github.com/chiyutianyi/grpcfuse/pb/shared.pb.go:1268.11,1269.20 1 0
github.com/chiyutianyi/grpcfuse/pb/shared.pb.go:1270.11,1271.24 1 0
github.com/chiyutianyi/grpcfuse/pb/shared.pb.go:1272.11,1273.28 1 0
github.com/chiyutianyi/grpcfuse/pb/shared.pb.go:1274.12,1275.15 1 0
github.com/chiyutianyi/grpcfuse/pb/shared.pb.go:1278.3,1278.84 1 0
github.com/chiyutianyi/grpcfuse/pb/shared.pb.go:1278.84,1279.33 1 0
github.com/chiyutianyi/grpcfuse/pb/shared.pb.go:1280.11,1281.20 1 0
github.com/chiyutianyi/grpcfuse/pb/shared.pb.go:1282.11,1283.24 1 0
github.com/chiyutianyi/grpcfuse/pb/shared.pb.go:1284.11,1285.28 1 0
github.com/chiyutianyi/grpcfuse/pb/shared.pb.go:1286.12,1287.15 1 0
github.com/chiyutianyi/grpcfuse/pb/shared.pb.go:1291.2,1308.33 6 0
github.com/chiyutianyi/grpcfuse/pkg/utils/utils.go:24.56,25.15 1 1
github.com/chiyutianyi/grpcfuse/pkg/utils/utils.go:25.15,27.3 1 1
github.com/chiyutianyi/grpcfuse/pkg/utils/utils.go:28.2,28.21 1 1
github.com/chiyutianyi/grpcfuse/pkg/utils/utils.go:28.21,31.3 2 1
github.com/chiyutianyi/grpcfuse/pkg/utils/utils.go:32.2,33.16 2 1
github.com/chiyutianyi/grpcfuse/pkg/utils/utils.go:33.16,35.3 1 1
github.com/chiyutianyi/grpcfuse/pkg/utils/utils.go:36.2,36.8 1 1
github.com/chiyutianyi/grpcfuse/fuse2grpc/access.go:31.97,41.23 5 1
github.com/chiyutianyi/grpcfuse/fuse2grpc/access.go:41.23,43.3 1 1
github.com/chiyutianyi/grpcfuse/fuse2grpc/access.go:44.2,44.69 1 1
github.com/chiyutianyi/grpcfuse/fuse2grpc/attributes.go:31.100,42.23 5 0
github.com/chiyutianyi/grpcfuse/fuse2grpc/attributes.go:42.23,44.3 1 0
github.com/chiyutianyi/grpcfuse/fuse2grpc/attributes.go:45.2,45.19 1 0
github.com/chiyutianyi/grpcfuse/fuse2grpc/attributes.go:45.19,47.3 1 0
github.com/chiyutianyi/grpcfuse/fuse2grpc/attributes.go:48.2,55.8 1 0
github.com/chiyutianyi/grpcfuse/fuse2grpc/attributes.go:58.100,94.23 5 0
github.com/chiyutianyi/grpcfuse/fuse2grpc/attributes.go:94.23,96.3 1 0
github.com/chiyutianyi/grpcfuse/fuse2grpc/attributes.go:97.2,97.19 1 0
github.com/chiyutianyi/grpcfuse/fuse2grpc/attributes.go:97.19,99.3 1 0
github.com/chiyutianyi/grpcfuse/fuse2grpc/attributes.go:100.2,105.8 1 0
github.com/chiyutianyi/grpcfuse/fuse2grpc/bufferpool.go:23.56,26.75 2 1
github.com/chiyutianyi/grpcfuse/fuse2grpc/bufferpool.go:26.75,30.3 3 1
github.com/chiyutianyi/grpcfuse/fuse2grpc/bufferpool.go:31.2,38.75 4 1
github.com/chiyutianyi/grpcfuse/fuse2grpc/bufferpool.go:38.75,40.3 1 0
github.com/chiyutianyi/grpcfuse/fuse2grpc/bufferpool.go:42.2,42.41 1 1
github.com/chiyutianyi/grpcfuse/fuse2grpc/bufferpool.go:42.41,44.3 1 1
github.com/chiyutianyi/grpcfuse/fuse2grpc/bufferpool.go:45.2,45.39 1 1
github.com/chiyutianyi/grpcfuse/fuse2grpc/bufferpool.go:45.39,47.28 1 1
github.com/chiyutianyi/grpcfuse/fuse2grpc/bufferpool.go:47.28,47.71 1 1
github.com/chiyutianyi/grpcfuse/fuse2grpc/bufferpool.go:50.2,50.35 1 1
github.com/chiyutianyi/grpcfuse/fuse2grpc/bufferpool.go:55.54,57.19 2 1
github.com/chiyutianyi/grpcfuse/fuse2grpc/bufferpool.go:57.19,59.3 1 1
github.com/chiyutianyi/grpcfuse/fuse2grpc/bufferpool.go:61.2,61.22 1 1
github.com/chiyutianyi/grpcfuse/fuse2grpc/bufferpool.go:61.22,63.3 1 1
github.com/chiyutianyi/grpcfuse/fuse2grpc/bufferpool.go:64.2,67.17 3 1
github.com/chiyutianyi/grpcfuse/fuse2grpc/bufferpool.go:73.47,74.18 1 1
github.com/chiyutianyi/grpcfuse/fuse2grpc/bufferpool.go:74.18,76.3 1 1
github.com/chiyutianyi/grpcfuse/fuse2grpc/bufferpool.go:77.2,77.49 1 1
github.com/chiyutianyi/grpcfuse/fuse2grpc/bufferpool.go:77.49,79.3 1 1
github.com/chiyutianyi/grpcfuse/fuse2grpc/bufferpool.go:80.2,83.29 3 1
github.com/chiyutianyi/grpcfuse/fuse2grpc/bufferpool.go:92.64,94.2 1 0
github.com/chiyutianyi/grpcfuse/fuse2grpc/bufferpool.go:97.55,99.2 1 0
github.com/chiyutianyi/grpcfuse/fuse2grpc/copy_file_range.go:31.118,48.23 5 0
github.com/chiyutianyi/grpcfuse/fuse2grpc/copy_file_range.go:48.23,50.3 1 0
github.com/chiyutianyi/grpcfuse/fuse2grpc/copy_file_range.go:51.2,51.93 1 0
github.com/chiyutianyi/grpcfuse/fuse2grpc/directory_handlers.go:34.100,47.23 5 0
github.com/chiyutianyi/grpcfuse/fuse2grpc/directory_handlers.go:47.23,49.3 1 0
github.com/chiyutianyi/grpcfuse/fuse2grpc/directory_handlers.go:50.2,50.19 1 0
github.com/chiyutianyi/grpcfuse/fuse2grpc/directory_handlers.go:50.19,52.3 1 0
github.com/chiyutianyi/grpcfuse/fuse2grpc/directory_handlers.go:53.2,60.8 1 0
github.com/chiyutianyi/grpcfuse/fuse2grpc/directory_handlers.go:69.9,100.23 9 1
github.com/chiyutianyi/grpcfuse/fuse2grpc/directory_handlers.go:100.23,102.3 1 0
github.com/chiyutianyi/grpcfuse/fuse2grpc/directory_handlers.go:104.2,104.19 1 1
github.com/chiyutianyi/grpcfuse/fuse2grpc/directory_handlers.go:104.19,107.3 2 0
github.com/chiyutianyi/grpcfuse/fuse2grpc/directory_handlers.go:109.2,109.28 1 1
github.com/chiyutianyi/grpcfuse/fuse2grpc/directory_handlers.go:109.28,110.22 1 1
github.com/chiyutianyi/grpcfuse/fuse2grpc/directory_handlers.go:110.22,112.4 1 0
github.com/chiyutianyi/grpcfuse/fuse2grpc/directory_handlers.go:113.3,116.18 1 1
github.com/chiyutianyi/grpcfuse/fuse2grpc/directory_handlers.go:116.18,118.4 1 0
github.com/chiyutianyi/grpcfuse/fuse2grpc/directory_handlers.go:119.3,119.13 1 1
github.com/chiyutianyi/grpcfuse/fuse2grpc/directory_handlers.go:122.2,125.6 3 1
github.com/chiyutianyi/grpcfuse/fuse2grpc/directory_handlers.go:125.6,126.62 1 1
github.com/chiyutianyi/grpcfuse/fuse2grpc/directory_handlers.go:126.62,127.9 1 1
github.com/chiyutianyi/grpcfuse/fuse2grpc/directory_handlers.go:130.3,133.17 3 1
github.com/chiyutianyi/grpcfuse/fuse2grpc/directory_handlers.go:133.17,134.9 1 0
github.com/chiyutianyi/grpcfuse/fuse2grpc/directory_handlers.go:137.3,138.43 2 1
github.com/chiyutianyi/grpcfuse/fuse2grpc/directory_handlers.go:138.43,139.38 1 0
github.com/chiyutianyi/grpcfuse/fuse2grpc/directory_handlers.go:139.38,141.5 1 0
github.com/chiyutianyi/grpcfuse/fuse2grpc/directory_handlers.go:142.4,143.17 2 0
github.com/chiyutianyi/grpcfuse/fuse2grpc/directory_handlers.go:145.3,151.42 5 1
github.com/chiyutianyi/grpcfuse/fuse2grpc/directory_handlers.go:153.2,153.21 1 1
github.com/chiyutianyi/grpcfuse/fuse2grpc/directory_handlers.go:153.21,155.3 1 0
github.com/chiyutianyi/grpcfuse/fuse2grpc/directory_handlers.go:156.2,156.20 1 1
github.com/chiyutianyi/grpcfuse/fuse2grpc/directory_handlers.go:159.95,161.2 1 1
github.com/chiyutianyi/grpcfuse/fuse2grpc/directory_handlers.go:163.32,166.2 1 1
github.com/chiyutianyi/grpcfuse/fuse2grpc/directory_handlers.go:168.103,170.2 1 0
github.com/chiyutianyi/grpcfuse/fuse2grpc/directory_handlers.go:172.98,186.2 5 0
github.com/chiyutianyi/grpcfuse/fuse2grpc/directory_handlers.go:188.97,201.23 5 0
github.com/chiyutianyi/grpcfuse/fuse2grpc/directory_handlers.go:201.23,203.3 1 0
github.com/chiyutianyi/grpcfuse/fuse2grpc/directory_handlers.go:204.2,204.68 1 0
github.com/chiyutianyi/grpcfuse/fuse2grpc/fallocate.go:31.106,46.23 5 0
github.com/chiyutianyi/grpcfuse/fuse2grpc/fallocate.go:46.23,48.3 1 0
github.com/chiyutianyi/grpcfuse/fuse2grpc/fallocate.go:49.2,49.72 1 0
github.com/chiyutianyi/grpcfuse/fuse2grpc/file_handlers.go:31.97,45.23 5 1
github.com/chiyutianyi/grpcfuse/fuse2grpc/file_handlers.go:45.23,47.3 1 0
github.com/chiyutianyi/grpcfuse/fuse2grpc/file_handlers.go:48.2,48.19 1 1
github.com/chiyutianyi/grpcfuse/fuse2grpc/file_handlers.go:48.19,50.3 1 1
github.com/chiyutianyi/grpcfuse/fuse2grpc/file_handlers.go:51.2,59.8 1 1
github.com/chiyutianyi/grpcfuse/fuse2grpc/file_handlers.go:62.91,75.23 5 0
github.com/chiyutianyi/grpcfuse/fuse2grpc/file_handlers.go:75.23,77.3 1 0
github.com/chiyutianyi/grpcfuse/fuse2grpc/file_handlers.go:78.2,78.19 1 0
github.com/chiyutianyi/grpcfuse/fuse2grpc/file_handlers.go:78.19,80.3 1 0
github.com/chiyutianyi/grpcfuse/fuse2grpc/file_handlers.go:81.2,88.8 1 0
github.com/chiyutianyi/grpcfuse/fuse2grpc/file_handlers.go:91.86,120.23 8 1
github.com/chiyutianyi/grpcfuse/fuse2grpc/file_handlers.go:120.23,122.3 1 0
github.com/chiyutianyi/grpcfuse/fuse2grpc/file_handlers.go:124.2,124.19 1 1
github.com/chiyutianyi/grpcfuse/fuse2grpc/file_handlers.go:124.19,127.3 2 0
github.com/chiyutianyi/grpcfuse/fuse2grpc/file_handlers.go:129.2,131.19 2 1
github.com/chiyutianyi/grpcfuse/fuse2grpc/file_handlers.go:131.19,134.3 2 0
github.com/chiyutianyi/grpcfuse/fuse2grpc/file_handlers.go:136.2,136.28 1 1
github.com/chiyutianyi/grpcfuse/fuse2grpc/file_handlers.go:136.28,137.19 1 1
github.com/chiyutianyi/grpcfuse/fuse2grpc/file_handlers.go:137.19,139.4 1 0
github.com/chiyutianyi/grpcfuse/fuse2grpc/file_handlers.go:140.3,143.18 1 1
github.com/chiyutianyi/grpcfuse/fuse2grpc/file_handlers.go:143.18,145.4 1 0
github.com/chiyutianyi/grpcfuse/fuse2grpc/file_handlers.go:146.3,146.13 1 1
github.com/chiyutianyi/grpcfuse/fuse2grpc/file_handlers.go:149.2,149.6 1 1
github.com/chiyutianyi/grpcfuse/fuse2grpc/file_handlers.go:149.6,150.43 1 1
github.com/chiyutianyi/grpcfuse/fuse2grpc/file_handlers.go:150.43,153.9 3 1
github.com/chiyutianyi/grpcfuse/fuse2grpc/file_handlers.go:156.3,158.14 3 1
github.com/chiyutianyi/grpcfuse/fuse2grpc/file_handlers.go:160.2,160.12 1 1
github.com/chiyutianyi/grpcfuse/fuse2grpc/file_handlers.go:162.94,177.23 5 0
github.com/chiyutianyi/grpcfuse/fuse2grpc/file_handlers.go:177.23,179.3 1 0
github.com/chiyutianyi/grpcfuse/fuse2grpc/file_handlers.go:180.2,180.19 1 0
github.com/chiyutianyi/grpcfuse/fuse2grpc/file_handlers.go:180.19,182.3 1 0
github.com/chiyutianyi/grpcfuse/fuse2grpc/file_handlers.go:183.2,186.8 1 0
github.com/chiyutianyi/grpcfuse/fuse2grpc/forget.go:29.93,36.2 3 0
github.com/chiyutianyi/grpcfuse/fuse2grpc/fsync.go:31.94,44.23 5 0
github.com/chiyutianyi/grpcfuse/fuse2grpc/fsync.go:44.23,46.3 1 0
github.com/chiyutianyi/grpcfuse/fuse2grpc/fsync.go:47.2,47.68 1 0
github.com/chiyutianyi/grpcfuse/fuse2grpc/helper.go:25.58,34.2 8 1
github.com/chiyutianyi/grpcfuse/fuse2grpc/helper.go:36.51,46.2 1 1
github.com/chiyutianyi/grpcfuse/fuse2grpc/helper.go:50.36,52.2 1 1
github.com/chiyutianyi/grpcfuse/fuse2grpc/helper_linux.go:25.39,46.2 1 1
github.com/chiyutianyi/grpcfuse/fuse2grpc/link.go:31.91,44.23 5 0
github.com/chiyutianyi/grpcfuse/fuse2grpc/link.go:44.23,46.3 1 0
github.com/chiyutianyi/grpcfuse/fuse2grpc/link.go:47.2,47.97 1 0
github.com/chiyutianyi/grpcfuse/fuse2grpc/link.go:50.100,63.23 5 0
github.com/chiyutianyi/grpcfuse/fuse2grpc/link.go:63.23,65.3 1 0
github.com/chiyutianyi/grpcfuse/fuse2grpc/link.go:66.2,66.100 1 0
github.com/chiyutianyi/grpcfuse/fuse2grpc/link.go:69.103,79.23 5 0
github.com/chiyutianyi/grpcfuse/fuse2grpc/link.go:79.23,81.3 1 0
github.com/chiyutianyi/grpcfuse/fuse2grpc/link.go:82.2,82.81 1 0
github.com/chiyutianyi/grpcfuse/fuse2grpc/lock.go:32.91,64.23 5 0
github.com/chiyutianyi/grpcfuse/fuse2grpc/lock.go:64.23,66.3 1 0
github.com/chiyutianyi/grpcfuse/fuse2grpc/lock.go:67.2,67.159 1 0
github.com/chiyutianyi/grpcfuse/fuse2grpc/lock.go:70.91,72.2 1 0
github.com/chiyutianyi/grpcfuse/fuse2grpc/lock.go:74.92,76.2 1 0
github.com/chiyutianyi/grpcfuse/fuse2grpc/lock.go:82.46,112.23 5 0
github.com/chiyutianyi/grpcfuse/fuse2grpc/lock.go:112.23,114.3 1 0
github.com/chiyutianyi/grpcfuse/fuse2grpc/lock.go:115.2,115.68 1 0
github.com/chiyutianyi/grpcfuse/fuse2grpc/lookup.go:31.97,43.23 5 0
github.com/chiyutianyi/grpcfuse/fuse2grpc/lookup.go:43.23,45.3 1 0
github.com/chiyutianyi/grpcfuse/fuse2grpc/lookup.go:46.2,46.19 1 0
github.com/chiyutianyi/grpcfuse/fuse2grpc/lookup.go:46.19,48.3 1 0
github.com/chiyutianyi/grpcfuse/fuse2grpc/lookup.go:49.2,60.8 1 0
github.com/chiyutianyi/grpcfuse/fuse2grpc/modifying_structure.go:31.94,45.23 5 0
github.com/chiyutianyi/grpcfuse/fuse2grpc/modifying_structure.go:45.23,47.3 1 0
github.com/chiyutianyi/grpcfuse/fuse2grpc/modifying_structure.go:48.2,48.98 1 0
github.com/chiyutianyi/grpcfuse/fuse2grpc/modifying_structure.go:51.97,62.23 5 0
github.com/chiyutianyi/grpcfuse/fuse2grpc/modifying_structure.go:62.23,64.3 1 0
github.com/chiyutianyi/grpcfuse/fuse2grpc/modifying_structure.go:65.2,65.69 1 0
github.com/chiyutianyi/grpcfuse/fuse2grpc/modifying_structure.go:68.94,79.23 5 0
github.com/chiyutianyi/grpcfuse/fuse2grpc/modifying_structure.go:79.23,81.3 1 0
github.com/chiyutianyi/grpcfuse/fuse2grpc/modifying_structure.go:82.2,82.68 1 0
github.com/chiyutianyi/grpcfuse/fuse2grpc/modifying_structure.go:85.97,99.23 5 0
github.com/chiyutianyi/grpcfuse/fuse2grpc/modifying_structure.go:99.23,101.3 1 0
github.com/chiyutianyi/grpcfuse/fuse2grpc/modifying_structure.go:102.2,102.69 1 0
github.com/chiyutianyi/grpcfuse/fuse2grpc/modifying_structure_linux.go:31.94,46.23 5 0
github.com/chiyutianyi/grpcfuse/fuse2grpc/modifying_structure_linux.go:46.23,48.3 1 0
github.com/chiyutianyi/grpcfuse/fuse2grpc/modifying_structure_linux.go:49.2,49.98 1 0
github.com/chiyutianyi/grpcfuse/fuse2grpc/release.go:32.95,47.2 5 0
github.com/chiyutianyi/grpcfuse/fuse2grpc/release.go:49.94,63.23 5 0
github.com/chiyutianyi/grpcfuse/fuse2grpc/release.go:63.23,65.3 1 0
github.com/chiyutianyi/grpcfuse/fuse2grpc/release.go:66.2,66.68 1 0
github.com/chiyutianyi/grpcfuse/fuse2grpc/server.go:42.47,44.2 1 1
github.com/chiyutianyi/grpcfuse/fuse2grpc/server.go:46.53,48.2 1 1
github.com/chiyutianyi/grpcfuse/fuse2grpc/server.go:50.97,53.2 2 1
github.com/chiyutianyi/grpcfuse/fuse2grpc/stat_fs.go:31.97,42.23 5 0
github.com/chiyutianyi/grpcfuse/fuse2grpc/stat_fs.go:42.23,44.3 1 0
github.com/chiyutianyi/grpcfuse/fuse2grpc/stat_fs.go:45.2,45.19 1 0
github.com/chiyutianyi/grpcfuse/fuse2grpc/stat_fs.go:45.19,47.3 1 0
github.com/chiyutianyi/grpcfuse/fuse2grpc/stat_fs.go:48.2,58.8 1 0
github.com/chiyutianyi/grpcfuse/fuse2grpc/write_linux.go:31.94,46.23 5 0
github.com/chiyutianyi/grpcfuse/fuse2grpc/write_linux.go:46.23,48.3 1 0
github.com/chiyutianyi/grpcfuse/fuse2grpc/write_linux.go:49.2,49.85 1 0
github.com/chiyutianyi/grpcfuse/fuse2grpc/xattr.go:31.103,43.23 5 0
github.com/chiyutianyi/grpcfuse/fuse2grpc/xattr.go:43.23,45.3 1 0
github.com/chiyutianyi/grpcfuse/fuse2grpc/xattr.go:46.2,46.81 1 0
github.com/chiyutianyi/grpcfuse/fuse2grpc/xattr.go:49.106,60.23 5 0
github.com/chiyutianyi/grpcfuse/fuse2grpc/xattr.go:60.23,62.3 1 0
github.com/chiyutianyi/grpcfuse/fuse2grpc/xattr.go:63.2,63.82 1 0
github.com/chiyutianyi/grpcfuse/fuse2grpc/xattr.go:66.112,77.23 5 0
github.com/chiyutianyi/grpcfuse/fuse2grpc/xattr.go:77.23,79.3 1 0
github.com/chiyutianyi/grpcfuse/fuse2grpc/xattr.go:80.2,80.74 1 0
github.com/chiyutianyi/grpcfuse/fuse2grpc/xattr_linux.go:31.103,44.23 5 0
github.com/chiyutianyi/grpcfuse/fuse2grpc/xattr_linux.go:44.23,46.3 1 0
github.com/chiyutianyi/grpcfuse/fuse2grpc/xattr_linux.go:47.2,47.71 1 0
